\BOOKMARK [0][-]{chapter.1}{\376\377\000C\000e\000n\000n\000i\000\040\000s\000u\000i\000\040\000p\000r\000e\000r\000e\000q\000u\000i\000s\000i\000t\000i\000\040\000d\000e\000l\000\040\000c\000o\000r\000s\000o}{}% 1
\BOOKMARK [1][-]{section.1.1}{\376\377\000p\000r\000o\000b\000a\000b\000i\000l\000i\000t\000\340\000,\000\040\000e\000v\000e\000n\000t\000i\000\040\000i\000n\000d\000i\000p\000e\000n\000d\000e\000n\000t\000i\000,\000\040\000p\000r\000o\000b\000a\000b\000i\000l\000i\000t\000\340\000\040\000c\000o\000n\000g\000i\000u\000n\000t\000e\000\040\000e\000\040\000c\000o\000n\000d\000i\000z\000i\000o\000n\000a\000t\000e}{chapter.1}% 2
\BOOKMARK [1][-]{section.1.2}{\376\377\000m\000e\000d\000i\000a\000,\000\040\000v\000a\000r\000i\000a\000n\000z\000a\000,\000\040\000d\000e\000v\000i\000a\000z\000i\000o\000n\000e\000\040\000s\000t\000a\000n\000d\000a\000r\000d}{chapter.1}% 3
\BOOKMARK [1][-]{section.1.3}{\376\377\000T\000e\000o\000r\000e\000m\000a\000\040\000d\000i\000\040\000B\000a\000y\000e\000s}{chapter.1}% 4
\BOOKMARK [1][-]{section.1.4}{\376\377\000d\000i\000s\000t\000r\000i\000b\000u\000z\000i\000o\000n\000i\000\040\000d\000i\000\040\000p\000r\000o\000b\000a\000b\000i\000l\000i\000t\000\340\000\040\000\050\000p\000r\000o\000b\000a\000b\000i\000l\000i\000t\000y\000\040\000d\000i\000s\000t\000r\000i\000b\000u\000t\000i\000o\000n\000\040\000f\000u\000n\000c\000t\000i\000o\000n\000s\000\051}{chapter.1}% 5
\BOOKMARK [1][-]{section.1.5}{\376\377\000F\000u\000n\000z\000i\000o\000n\000e\000\040\000G\000u\000s\000s\000i\000a\000n\000a}{chapter.1}% 6
\BOOKMARK [1][-]{section.1.6}{\376\377\000p\000r\000o\000c\000e\000s\000s\000i\000\040\000d\000i\000\040\000B\000e\000r\000n\000o\000u\000l\000l\000i}{chapter.1}% 7
\BOOKMARK [1][-]{section.1.7}{\376\377\000t\000e\000s\000t\000\040\000d\000e\000l\000l\000e\000\040\000i\000p\000o\000t\000e\000s\000i}{chapter.1}% 8
\BOOKMARK [1][-]{section.1.8}{\376\377\000i\000n\000t\000e\000r\000v\000a\000l\000l\000i\000\040\000d\000i\000\040\000c\000o\000n\000f\000i\000d\000e\000n\000z\000a}{chapter.1}% 9
\BOOKMARK [1][-]{section.1.9}{\376\377\000f\000u\000n\000z\000i\000o\000n\000e\000\040\000T\000-\000S\000t\000u\000d\000e\000n\000t}{chapter.1}% 10
\BOOKMARK [0][-]{chapter.2}{\376\377\000I\000n\000t\000r\000o\000d\000u\000z\000i\000o\000n\000e}{}% 11
\BOOKMARK [1][-]{section.2.1}{\376\377\000G\000l\000i\000\040\000i\000n\000g\000r\000e\000d\000i\000e\000n\000t\000i\000\040\000d\000e\000l\000\040\000m\000a\000c\000h\000i\000n\000e\000\040\000l\000e\000a\000r\000n\000i\000n\000g}{chapter.2}% 12
\BOOKMARK [1][-]{section.2.2}{\376\377\000T\000a\000s\000k}{chapter.2}% 13
\BOOKMARK [1][-]{section.2.3}{\376\377\000M\000o\000d\000e\000l\000l\000i}{chapter.2}% 14
\BOOKMARK [1][-]{section.2.4}{\376\377\000F\000e\000a\000t\000u\000r\000e\000s}{chapter.2}% 15
\BOOKMARK [0][-]{chapter.3}{\376\377\000T\000a\000s\000k}{}% 16
\BOOKMARK [1][-]{section.3.1}{\376\377\000C\000l\000a\000s\000s\000i\000f\000i\000c\000a\000z\000i\000o\000n\000e}{chapter.3}% 17
\BOOKMARK [0][-]{chapter.4}{\376\377\000S\000c\000o\000r\000i\000n\000g\000\040\000a\000n\000d\000\040\000R\000a\000n\000k\000i\000n\000g}{}% 18
\BOOKMARK [1][-]{section.4.1}{\376\377\000S\000c\000o\000r\000i\000n\000g\000\040\000C\000l\000a\000s\000s\000i\000f\000i\000e\000r}{chapter.4}% 19
\BOOKMARK [1][-]{section.4.2}{\376\377\000R\000a\000n\000k\000i\000n\000g}{chapter.4}% 20
\BOOKMARK [1][-]{section.4.3}{\376\377\000S\000t\000i\000m\000a\000\040\000d\000e\000l\000l\000e\000\040\000p\000r\000o\000b\000a\000b\000i\000l\000i\000t\000\340}{chapter.4}% 21
\BOOKMARK [0][-]{chapter.5}{\376\377\000C\000l\000a\000s\000s\000i\000f\000i\000c\000a\000t\000o\000r\000i\000\040\000m\000u\000l\000t\000i\000c\000l\000a\000s\000s\000e}{}% 22
\BOOKMARK [1][-]{section.5.1}{\376\377\000E\000s\000t\000e\000n\000d\000e\000r\000e\000\040\000c\000l\000a\000s\000s\000i\000f\000i\000c\000a\000t\000o\000r\000i\000\040\000d\000a\000\040\000b\000i\000n\000a\000r\000i\000\040\000a\000\040\000m\000u\000l\000t\000i\000c\000l\000a\000s\000s\000e}{chapter.5}% 23
