#
# A fatal error has been detected by the Java Runtime Environment:
#
#  Internal Error (postaloc.cpp:650), pid=1502, tid=43011
#  guarantee(def != NULL) failed: no disconnected nodes at this point
#
# JRE version: OpenJDK Runtime Environment JBR-11.0.12.7-1504.28-jcef (11.0.12+7) (build 11.0.12+7-b1504.28)
# Java VM: OpenJDK 64-Bit Server VM JBR-11.0.12.7-1504.28-jcef (11.0.12+7-b1504.28, mixed mode, tiered, compressed oops, g1 gc, bsd-amd64)
# No core dump will be written. Core dumps have been disabled. To enable core dumping, try "ulimit -c unlimited" before starting Java again
#
# If you would like to submit a bug report, please visit:
#   https://bugreport.java.com/bugreport/crash.jsp
#

---------------  S U M M A R Y ------------

Command Line: --add-opens=java.base/java.util=ALL-UNNAMED --add-opens=java.base/java.lang=ALL-UNNAMED --add-opens=java.base/java.lang.invoke=ALL-UNNAMED --add-opens=java.prefs/java.util.prefs=ALL-UNNAMED -Xmx2048m -Dfile.encoding=UTF-8 -Duser.country=IT -Duser.language=it -Duser.variant org.gradle.launcher.daemon.bootstrap.GradleDaemon 6.7.1

Host: MacBookPro15,4 x86_64 1400 MHz, 8 cores, 8G, Darwin 20.6.0
Time: Sat Oct  9 12:11:41 2021 CEST elapsed time: 153.921233 seconds (0d 0h 2m 33s)

---------------  T H R E A D  ---------------

Current thread (0x00007f8243010800):  JavaThread "C2 CompilerThread0" daemon [_thread_in_native, id=43011, stack(0x000070000e3da000,0x000070000e4da000)]


Current CompileTask:
C2: 153921 11483   !   4       org.gradle.internal.dispatch.ReflectionDispatch::dispatch (42 bytes)

Stack: [0x000070000e3da000,0x000070000e4da000],  sp=0x000070000e4d6340,  free space=1008k
Native frames: (J=compiled Java code, A=aot compiled Java code, j=interpreted, Vv=VM code, C=native code)
V  [libjvm.dylib+0x764383]  _ZN7VMError14report_and_dieEiPKcS1_P13__va_list_tagP6ThreadPhPvS7_S1_im+0x663
V  [libjvm.dylib+0x764a73]  _ZN7VMError14report_and_dieEP6ThreadPvPKciS4_S4_P13__va_list_tag+0x47
V  [libjvm.dylib+0x2755fb]  _Z15report_vm_errorPKciS0_S0_z+0xa9
V  [libjvm.dylib+0x657ef6]  _ZN12PhaseChaitin26post_allocate_copy_removalEv+0x8e4
V  [libjvm.dylib+0x1c3a09]  _ZN12PhaseChaitin17Register_AllocateEv+0x749
V  [libjvm.dylib+0x2313cd]  _ZN7Compile8Code_GenEv+0x211
V  [libjvm.dylib+0x22f678]  _ZN7CompileC2EP5ciEnvP10C2CompilerP8ciMethodibbbP12DirectiveSet+0x8d2
V  [libjvm.dylib+0x1af634]  _ZN10C2Compiler14compile_methodEP5ciEnvP8ciMethodiP12DirectiveSet+0xb6
V  [libjvm.dylib+0x23caec]  _ZN13CompileBroker25invoke_compiler_on_methodEP11CompileTask+0x578
V  [libjvm.dylib+0x23c3ff]  _ZN13CompileBroker20compiler_thread_loopEv+0x1ab
V  [libjvm.dylib+0x71baac]  _ZN10JavaThread17thread_main_innerEv+0x82
V  [libjvm.dylib+0x71b8f0]  _ZN10JavaThread3runEv+0x174
V  [libjvm.dylib+0x7197d0]  _ZN6Thread8call_runEv+0x68
V  [libjvm.dylib+0x61dc5b]  _ZL19thread_native_entryP6Thread+0x139
C  [libsystem_pthread.dylib+0x68fc]  _pthread_start+0xe0
C  [libsystem_pthread.dylib+0x2443]  thread_start+0xf


---------------  P R O C E S S  ---------------

Threads class SMR info:
_java_thread_list=0x00007f82440b5790, length=36, elements={
0x00007f824600f000, 0x00007f824286e000, 0x00007f824286f800, 0x00007f8246022800,
0x00007f824300f800, 0x00007f8243010800, 0x00007f824504c000, 0x00007f824504d000,
0x00007f824287a000, 0x00007f8242b5f000, 0x00007f8245103800, 0x00007f82452bc000,
0x00007f824480d000, 0x00007f8244939800, 0x00007f8242d75000, 0x00007f8247d64800,
0x00007f8245b1d000, 0x00007f824366b800, 0x00007f824b70d800, 0x00007f8249cc0800,
0x00007f824498f000, 0x00007f8243baa000, 0x00007f8249cbe000, 0x00007f824a0b0800,
0x00007f824995f000, 0x00007f8249cbf800, 0x00007f82457a9800, 0x00007f82499ea000,
0x00007f8242e19000, 0x00007f82466c2000, 0x00007f824b709000, 0x00007f8243844000,
0x00007f8246620800, 0x00007f824a89a000, 0x00007f8244cf7000, 0x00007f8244cee800
}

Java Threads: ( => current thread )
  0x00007f824600f000 JavaThread "main" [_thread_blocked, id=5635, stack(0x000070000d7b3000,0x000070000d8b3000)]
  0x00007f824286e000 JavaThread "Reference Handler" daemon [_thread_blocked, id=18179, stack(0x000070000dec8000,0x000070000dfc8000)]
  0x00007f824286f800 JavaThread "Finalizer" daemon [_thread_blocked, id=13827, stack(0x000070000dfcb000,0x000070000e0cb000)]
  0x00007f8246022800 JavaThread "Signal Dispatcher" daemon [_thread_blocked, id=16131, stack(0x000070000e1d4000,0x000070000e2d4000)]
  0x00007f824300f800 JavaThread "Service Thread" daemon [_thread_blocked, id=43267, stack(0x000070000e2d7000,0x000070000e3d7000)]
=>0x00007f8243010800 JavaThread "C2 CompilerThread0" daemon [_thread_in_native, id=43011, stack(0x000070000e3da000,0x000070000e4da000)]
  0x00007f824504c000 JavaThread "C1 CompilerThread0" daemon [_thread_blocked, id=42499, stack(0x000070000e4dd000,0x000070000e5dd000)]
  0x00007f824504d000 JavaThread "Sweeper thread" daemon [_thread_blocked, id=22787, stack(0x000070000e5e0000,0x000070000e6e0000)]
  0x00007f824287a000 JavaThread "Common-Cleaner" daemon [_thread_blocked, id=41475, stack(0x000070000e6e3000,0x000070000e7e3000)]
  0x00007f8242b5f000 JavaThread "Daemon health stats" [_thread_blocked, id=39171, stack(0x000070000ecf5000,0x000070000edf5000)]
  0x00007f8245103800 JavaThread "Incoming local TCP Connector on port 52824" [_thread_in_native, id=25347, stack(0x000070000edf8000,0x000070000eef8000)]
  0x00007f82452bc000 JavaThread "Daemon periodic checks" [_thread_blocked, id=38659, stack(0x000070000eefb000,0x000070000effb000)]
  0x00007f824480d000 JavaThread "Cache worker for file hash cache (/Users/lorenzofalchi/.gradle/caches/6.7.1/fileHashes)" [_thread_blocked, id=27907, stack(0x000070000f713000,0x000070000f813000)]
  0x00007f8244939800 JavaThread "File lock request listener" [_thread_in_native, id=28675, stack(0x000070000f816000,0x000070000f916000)]
  0x00007f8242d75000 JavaThread "Cache worker for journal cache (/Users/lorenzofalchi/.gradle/caches/journal-1)" [_thread_blocked, id=24327, stack(0x000070000ebf2000,0x000070000ecf2000)]
  0x00007f8247d64800 JavaThread "Cache worker for execution history cache (/Users/lorenzofalchi/.gradle/caches/6.7.1/executionHistory)" [_thread_blocked, id=43523, stack(0x0000700010234000,0x0000700010334000)]
  0x00007f8245b1d000 JavaThread "Cache worker for file content cache (/Users/lorenzofalchi/.gradle/caches/6.7.1/fileContent)" [_thread_blocked, id=44291, stack(0x000070001043a000,0x000070001053a000)]
  0x00007f824366b800 JavaThread "Memory manager" [_thread_blocked, id=110851, stack(0x0000700016f78000,0x0000700017078000)]
  0x00007f824b70d800 JavaThread "ForkJoinPool.commonPool-worker-3" daemon [_thread_blocked, id=137475, stack(0x00007000185ba000,0x00007000186ba000)]
  0x00007f8249cc0800 JavaThread "ForkJoinPool.commonPool-worker-5" daemon [_thread_blocked, id=137987, stack(0x00007000186bd000,0x00007000187bd000)]
  0x00007f824498f000 JavaThread "ForkJoinPool.commonPool-worker-9" daemon [_thread_blocked, id=166659, stack(0x00007000188c3000,0x00007000189c3000)]
  0x00007f8243baa000 JavaThread "ForkJoinPool.commonPool-worker-13" daemon [_thread_blocked, id=166147, stack(0x0000700018ac9000,0x0000700018bc9000)]
  0x00007f8249cbe000 JavaThread "ForkJoinPool.commonPool-worker-15" daemon [_thread_blocked, id=139523, stack(0x0000700018bcc000,0x0000700018ccc000)]
  0x00007f824a0b0800 JavaThread "Daemon Thread 2" [_thread_blocked, id=166407, stack(0x000070000effe000,0x000070000f0fe000)]
  0x00007f824995f000 JavaThread "Handler for socket connection from /127.0.0.1:52824 to /127.0.0.1:53060" [_thread_in_native, id=37639, stack(0x000070000f101000,0x000070000f201000)]
  0x00007f8249cbf800 JavaThread "Cancel handler" [_thread_blocked, id=26887, stack(0x000070000f204000,0x000070000f304000)]
  0x00007f82457a9800 JavaThread "Daemon worker Thread 2" [_thread_in_native, id=169479, stack(0x000070000f307000,0x000070000f407000)]
  0x00007f82499ea000 JavaThread "Asynchronous log dispatcher for DefaultDaemonConnection: socket connection from /127.0.0.1:52824 to /127.0.0.1:53060" [_thread_blocked, id=167175, stack(0x000070000f40a000,0x000070000f50a000)]
  0x00007f8242e19000 JavaThread "Stdin handler" [_thread_blocked, id=111111, stack(0x000070000f50d000,0x000070000f60d000)]
  0x00007f82466c2000 JavaThread "Thread-149" [_thread_blocked, id=97799, stack(0x000070000f610000,0x000070000f710000)]
  0x00007f824b709000 JavaThread "C2 CompilerThread1" daemon [_thread_in_native, id=119559, stack(0x000070000fe28000,0x000070000ff28000)]
  0x00007f8243844000 JavaThread "Cache worker for file hash cache (/Users/lorenzofalchi/Desktop/convertitore/.gradle/6.7.1/fileHashes)" [_thread_blocked, id=103687, stack(0x000070000ff2b000,0x000070001002b000)]
  0x00007f8246620800 JavaThread "Cache worker for checksums cache (/Users/lorenzofalchi/Desktop/convertitore/.gradle/checksums)" [_thread_blocked, id=129799, stack(0x000070001002e000,0x000070001012e000)]
  0x00007f824a89a000 JavaThread "Cache worker for cache directory md-supplier (/Users/lorenzofalchi/.gradle/caches/6.7.1/md-supplier)" [_thread_blocked, id=61447, stack(0x0000700010131000,0x0000700010231000)]
  0x00007f8244cf7000 JavaThread "Cache worker for cache directory md-rule (/Users/lorenzofalchi/.gradle/caches/6.7.1/md-rule)" [_thread_blocked, id=114951, stack(0x0000700010337000,0x0000700010437000)]
  0x00007f8244cee800 JavaThread "C2 CompilerThread2" daemon [_thread_in_native, id=62727, stack(0x000070001053d000,0x000070001063d000)]

Other Threads:
  0x00007f8244809800 VMThread "VM Thread" [stack: 0x000070000ddc5000,0x000070000dec5000] [id=13059]
  0x00007f824480a000 WatcherThread [stack: 0x000070000e7e6000,0x000070000e8e6000] [id=40963]
  0x00007f824380f800 GCTaskThread "GC Thread#0" [stack: 0x000070000d8b6000,0x000070000d9b6000] [id=11267]
  0x00007f8243288000 GCTaskThread "GC Thread#1" [stack: 0x000070000e9ec000,0x000070000eaec000] [id=23555]
  0x00007f8243167800 GCTaskThread "GC Thread#2" [stack: 0x000070000eaef000,0x000070000ebef000] [id=23811]
  0x00007f8243070000 GCTaskThread "GC Thread#3" [stack: 0x000070000f919000,0x000070000fa19000] [id=34307]
  0x00007f82436f4800 GCTaskThread "GC Thread#4" [stack: 0x000070000fa1c000,0x000070000fb1c000] [id=33795]
  0x00007f8243054000 GCTaskThread "GC Thread#5" [stack: 0x000070000fb1f000,0x000070000fc1f000] [id=28931]
  0x00007f824332f800 GCTaskThread "GC Thread#6" [stack: 0x000070000fc22000,0x000070000fd22000] [id=33283]
  0x00007f82430ec000 GCTaskThread "GC Thread#7" [stack: 0x000070000fd25000,0x000070000fe25000] [id=29443]
  0x00007f8243830800 ConcurrentGCThread "G1 Main Marker" [stack: 0x000070000d9b9000,0x000070000dab9000] [id=20483]
  0x00007f8243831800 ConcurrentGCThread "G1 Conc#0" [stack: 0x000070000dabc000,0x000070000dbbc000] [id=12035]
  0x00007f8245638000 ConcurrentGCThread "G1 Conc#1" [stack: 0x000070000e8e9000,0x000070000e9e9000] [id=40455]
  0x00007f824286c800 ConcurrentGCThread "G1 Refine#0" [stack: 0x000070000dbbf000,0x000070000dcbf000] [id=12547]
  0x00007f824286d800 ConcurrentGCThread "G1 Young RemSet Sampling" [stack: 0x000070000dcc2000,0x000070000ddc2000] [id=19459]

Threads with active compile tasks:
C2 CompilerThread0 153942 11483   !   4       org.gradle.internal.dispatch.ReflectionDispatch::dispatch (42 bytes)
C1 CompilerThread0 153943 11511       3       org.gradle.api.internal.artifacts.ivyservice.ivyresolve.CachingModuleComponentRepository::getId (10 bytes)
C2 CompilerThread1 153943 11478       4       org.gradle.internal.service.DefaultServiceRegistry$OwnServices::getService (309 bytes)
C2 CompilerThread2 153943 11501       4       java.util.HashMap::removeNode (291 bytes)

VM state:not at safepoint (normal execution)

VM Mutex/Monitor currently owned by a thread: None

Heap address: 0x0000000780000000, size: 2048 MB, Compressed Oops mode: Zero based, Oop shift amount: 3
Narrow klass base: 0x0000000800000000, Narrow klass shift: 0
Compressed class space size: 1073741824 Address: 0x0000000800000000

Heap:
 garbage-first heap   total 189440K, used 120361K [0x0000000780000000, 0x0000000800000000)
  region size 1024K, 27 young (27648K), 6 survivors (6144K)
 Metaspace       used 90943K, capacity 92942K, committed 93516K, reserved 1130496K
  class space    used 11307K, capacity 11987K, committed 12160K, reserved 1048576K
Heap Regions: E=young(eden), S=young(survivor), O=old, HS=humongous(starts), HC=humongous(continues), CS=collection set, F=free, A=archive, TAMS=top-at-mark-start (previous, next)
|   0|0x0000000780000000, 0x0000000780100000, 0x0000000780100000|100%| O|  |TAMS 0x0000000780100000, 0x0000000780000000| Untracked 
|   1|0x0000000780100000, 0x0000000780200000, 0x0000000780200000|100%| O|  |TAMS 0x0000000780200000, 0x0000000780100000| Untracked 
|   2|0x0000000780200000, 0x0000000780300000, 0x0000000780300000|100%| O|  |TAMS 0x0000000780300000, 0x0000000780200000| Untracked 
|   3|0x0000000780300000, 0x0000000780400000, 0x0000000780400000|100%|HS|  |TAMS 0x0000000780400000, 0x0000000780300000| Complete 
|   4|0x0000000780400000, 0x0000000780500000, 0x0000000780500000|100%|HC|  |TAMS 0x0000000780500000, 0x0000000780400000| Complete 
|   5|0x0000000780500000, 0x0000000780600000, 0x0000000780600000|100%|HC|  |TAMS 0x0000000780600000, 0x0000000780500000| Complete 
|   6|0x0000000780600000, 0x0000000780700000, 0x0000000780700000|100%| O|  |TAMS 0x0000000780700000, 0x0000000780600000| Untracked 
|   7|0x0000000780700000, 0x0000000780800000, 0x0000000780800000|100%| O|  |TAMS 0x0000000780800000, 0x0000000780700000| Untracked 
|   8|0x0000000780800000, 0x0000000780900000, 0x0000000780900000|100%| O|  |TAMS 0x0000000780900000, 0x0000000780800000| Complete 
|   9|0x0000000780900000, 0x0000000780a00000, 0x0000000780a00000|100%| O|  |TAMS 0x0000000780a00000, 0x0000000780900000| Untracked 
|  10|0x0000000780a00000, 0x0000000780b00000, 0x0000000780b00000|100%| O|  |TAMS 0x0000000780b00000, 0x0000000780a00000| Complete 
|  11|0x0000000780b00000, 0x0000000780c00000, 0x0000000780c00000|100%| O|  |TAMS 0x0000000780c00000, 0x0000000780b00000| Untracked 
|  12|0x0000000780c00000, 0x0000000780d00000, 0x0000000780d00000|100%| O|  |TAMS 0x0000000780d00000, 0x0000000780c00000| Untracked 
|  13|0x0000000780d00000, 0x0000000780e00000, 0x0000000780e00000|100%| O|  |TAMS 0x0000000780e00000, 0x0000000780d00000| Untracked 
|  14|0x0000000780e00000, 0x0000000780f00000, 0x0000000780f00000|100%| O|  |TAMS 0x0000000780f00000, 0x0000000780e00000| Untracked 
|  15|0x0000000780f00000, 0x0000000781000000, 0x0000000781000000|100%| O|  |TAMS 0x0000000781000000, 0x0000000780f00000| Untracked 
|  16|0x0000000781000000, 0x0000000781100000, 0x0000000781100000|100%| O|  |TAMS 0x0000000781100000, 0x0000000781000000| Untracked 
|  17|0x0000000781100000, 0x0000000781200000, 0x0000000781200000|100%| O|  |TAMS 0x0000000781200000, 0x0000000781100000| Untracked 
|  18|0x0000000781200000, 0x0000000781300000, 0x0000000781300000|100%| O|  |TAMS 0x0000000781300000, 0x0000000781200000| Untracked 
|  19|0x0000000781300000, 0x0000000781400000, 0x0000000781400000|100%| O|  |TAMS 0x0000000781400000, 0x0000000781300000| Untracked 
|  20|0x0000000781400000, 0x0000000781500000, 0x0000000781500000|100%| O|  |TAMS 0x0000000781500000, 0x0000000781400000| Untracked 
|  21|0x0000000781500000, 0x0000000781600000, 0x0000000781600000|100%|HS|  |TAMS 0x0000000781600000, 0x0000000781500000| Complete 
|  22|0x0000000781600000, 0x0000000781700000, 0x0000000781700000|100%|HS|  |TAMS 0x0000000781700000, 0x0000000781600000| Complete 
|  23|0x0000000781700000, 0x0000000781800000, 0x0000000781800000|100%|HC|  |TAMS 0x0000000781800000, 0x0000000781700000| Complete 
|  24|0x0000000781800000, 0x0000000781900000, 0x0000000781900000|100%| O|  |TAMS 0x0000000781900000, 0x0000000781800000| Untracked 
|  25|0x0000000781900000, 0x0000000781a00000, 0x0000000781a00000|100%| O|  |TAMS 0x0000000781a00000, 0x0000000781900000| Untracked 
|  26|0x0000000781a00000, 0x0000000781b00000, 0x0000000781b00000|100%| O|  |TAMS 0x0000000781b00000, 0x0000000781a00000| Complete 
|  27|0x0000000781b00000, 0x0000000781c00000, 0x0000000781c00000|100%| O|  |TAMS 0x0000000781c00000, 0x0000000781b00000| Untracked 
|  28|0x0000000781c00000, 0x0000000781d00000, 0x0000000781d00000|100%| O|  |TAMS 0x0000000781d00000, 0x0000000781c00000| Untracked 
|  29|0x0000000781d00000, 0x0000000781e00000, 0x0000000781e00000|100%| O|  |TAMS 0x0000000781e00000, 0x0000000781d00000| Untracked 
|  30|0x0000000781e00000, 0x0000000781f00000, 0x0000000781f00000|100%| O|  |TAMS 0x0000000781f00000, 0x0000000781e00000| Untracked 
|  31|0x0000000781f00000, 0x0000000782000000, 0x0000000782000000|100%| O|  |TAMS 0x0000000782000000, 0x0000000781f00000| Untracked 
|  32|0x0000000782000000, 0x0000000782100000, 0x0000000782100000|100%| O|  |TAMS 0x0000000782100000, 0x0000000782000000| Complete 
|  33|0x0000000782100000, 0x0000000782200000, 0x0000000782200000|100%| O|  |TAMS 0x0000000782200000, 0x0000000782100000| Untracked 
|  34|0x0000000782200000, 0x0000000782300000, 0x0000000782300000|100%| O|  |TAMS 0x0000000782300000, 0x0000000782200000| Untracked 
|  35|0x0000000782300000, 0x0000000782400000, 0x0000000782400000|100%| O|  |TAMS 0x0000000782400000, 0x0000000782300000| Untracked 
|  36|0x0000000782400000, 0x0000000782500000, 0x0000000782500000|100%| O|  |TAMS 0x0000000782500000, 0x0000000782400000| Complete 
|  37|0x0000000782500000, 0x0000000782600000, 0x0000000782600000|100%| O|  |TAMS 0x0000000782600000, 0x0000000782500000| Untracked 
|  38|0x0000000782600000, 0x0000000782700000, 0x0000000782700000|100%| O|  |TAMS 0x0000000782700000, 0x0000000782600000| Untracked 
|  39|0x0000000782700000, 0x0000000782800000, 0x0000000782800000|100%| O|  |TAMS 0x0000000782800000, 0x0000000782700000| Untracked 
|  40|0x0000000782800000, 0x0000000782900000, 0x0000000782900000|100%| O|  |TAMS 0x0000000782900000, 0x0000000782800000| Untracked 
|  41|0x0000000782900000, 0x0000000782a00000, 0x0000000782a00000|100%| O|  |TAMS 0x0000000782a00000, 0x0000000782900000| Untracked 
|  42|0x0000000782a00000, 0x0000000782b00000, 0x0000000782b00000|100%| O|  |TAMS 0x0000000782b00000, 0x0000000782a00000| Untracked 
|  43|0x0000000782b00000, 0x0000000782c00000, 0x0000000782c00000|100%| O|  |TAMS 0x0000000782c00000, 0x0000000782b00000| Complete 
|  44|0x0000000782c00000, 0x0000000782d00000, 0x0000000782d00000|100%| O|  |TAMS 0x0000000782d00000, 0x0000000782c00000| Untracked 
|  45|0x0000000782d00000, 0x0000000782e00000, 0x0000000782e00000|100%| O|  |TAMS 0x0000000782e00000, 0x0000000782d00000| Untracked 
|  46|0x0000000782e00000, 0x0000000782f00000, 0x0000000782f00000|100%| O|  |TAMS 0x0000000782f00000, 0x0000000782e00000| Untracked 
|  47|0x0000000782f00000, 0x0000000783000000, 0x0000000783000000|100%| O|  |TAMS 0x0000000783000000, 0x0000000782f00000| Complete 
|  48|0x0000000783000000, 0x0000000783100000, 0x0000000783100000|100%| O|  |TAMS 0x0000000783100000, 0x0000000783000000| Complete 
|  49|0x0000000783100000, 0x0000000783200000, 0x0000000783200000|100%| O|  |TAMS 0x0000000783200000, 0x0000000783100000| Complete 
|  50|0x0000000783200000, 0x0000000783300000, 0x0000000783300000|100%| O|  |TAMS 0x0000000783300000, 0x0000000783200000| Complete 
|  51|0x0000000783300000, 0x0000000783300000, 0x0000000783400000|  0%| F|  |TAMS 0x0000000783300000, 0x0000000783300000| Untracked 
|  52|0x0000000783400000, 0x0000000783500000, 0x0000000783500000|100%| O|  |TAMS 0x0000000783500000, 0x0000000783400000| Complete 
|  53|0x0000000783500000, 0x0000000783600000, 0x0000000783600000|100%| O|  |TAMS 0x0000000783600000, 0x0000000783500000| Complete 
|  54|0x0000000783600000, 0x0000000783700000, 0x0000000783700000|100%| O|  |TAMS 0x0000000783700000, 0x0000000783600000| Complete 
|  55|0x0000000783700000, 0x0000000783800000, 0x0000000783800000|100%| O|  |TAMS 0x0000000783800000, 0x0000000783700000| Complete 
|  56|0x0000000783800000, 0x0000000783900000, 0x0000000783900000|100%| O|  |TAMS 0x0000000783900000, 0x0000000783800000| Complete 
|  57|0x0000000783900000, 0x0000000783a00000, 0x0000000783a00000|100%| O|  |TAMS 0x0000000783a00000, 0x0000000783900000| Complete 
|  58|0x0000000783a00000, 0x0000000783b00000, 0x0000000783b00000|100%| O|  |TAMS 0x0000000783b00000, 0x0000000783a00000| Complete 
|  59|0x0000000783b00000, 0x0000000783c00000, 0x0000000783c00000|100%| O|  |TAMS 0x0000000783c00000, 0x0000000783b00000| Complete 
|  60|0x0000000783c00000, 0x0000000783d00000, 0x0000000783d00000|100%| O|  |TAMS 0x0000000783d00000, 0x0000000783c00000| Untracked 
|  61|0x0000000783d00000, 0x0000000783e00000, 0x0000000783e00000|100%| O|  |TAMS 0x0000000783e00000, 0x0000000783d00000| Untracked 
|  62|0x0000000783e00000, 0x0000000783f00000, 0x0000000783f00000|100%| O|  |TAMS 0x0000000783f00000, 0x0000000783e00000| Untracked 
|  63|0x0000000783f00000, 0x0000000784000000, 0x0000000784000000|100%| O|  |TAMS 0x0000000784000000, 0x0000000783f00000| Untracked 
|  64|0x0000000784000000, 0x0000000784100000, 0x0000000784100000|100%| O|  |TAMS 0x0000000784100000, 0x0000000784000000| Complete 
|  65|0x0000000784100000, 0x0000000784200000, 0x0000000784200000|100%| O|  |TAMS 0x0000000784200000, 0x0000000784100000| Complete 
|  66|0x0000000784200000, 0x0000000784300000, 0x0000000784300000|100%| O|  |TAMS 0x0000000784300000, 0x0000000784200000| Complete 
|  67|0x0000000784300000, 0x0000000784300000, 0x0000000784400000|  0%| F|  |TAMS 0x0000000784300000, 0x0000000784300000| Untracked 
|  68|0x0000000784400000, 0x0000000784500000, 0x0000000784500000|100%| O|  |TAMS 0x0000000784500000, 0x0000000784400000| Complete 
|  69|0x0000000784500000, 0x0000000784500000, 0x0000000784600000|  0%| F|  |TAMS 0x0000000784500000, 0x0000000784500000| Untracked 
|  70|0x0000000784600000, 0x0000000784700000, 0x0000000784700000|100%| O|  |TAMS 0x0000000784700000, 0x0000000784600000| Complete 
|  71|0x0000000784700000, 0x0000000784700000, 0x0000000784800000|  0%| F|  |TAMS 0x0000000784700000, 0x0000000784700000| Untracked 
|  72|0x0000000784800000, 0x0000000784900000, 0x0000000784900000|100%| O|  |TAMS 0x0000000784900000, 0x0000000784800000| Complete 
|  73|0x0000000784900000, 0x0000000784a00000, 0x0000000784a00000|100%| O|  |TAMS 0x0000000784a00000, 0x0000000784900000| Complete 
|  74|0x0000000784a00000, 0x0000000784b00000, 0x0000000784b00000|100%| O|  |TAMS 0x0000000784b00000, 0x0000000784a00000| Untracked 
|  75|0x0000000784b00000, 0x0000000784c00000, 0x0000000784c00000|100%| O|  |TAMS 0x0000000784c00000, 0x0000000784b00000| Complete 
|  76|0x0000000784c00000, 0x0000000784c14c00, 0x0000000784d00000|  8%| O|  |TAMS 0x0000000784c14c00, 0x0000000784c00000| Untracked 
|  77|0x0000000784d00000, 0x0000000784e00000, 0x0000000784e00000|100%|HS|  |TAMS 0x0000000784d00000, 0x0000000784d00000| Complete 
|  78|0x0000000784e00000, 0x0000000784f00000, 0x0000000784f00000|100%|HC|  |TAMS 0x0000000784e00000, 0x0000000784e00000| Complete 
|  79|0x0000000784f00000, 0x0000000784f00000, 0x0000000785000000|  0%| F|  |TAMS 0x0000000784f00000, 0x0000000784f00000| Untracked 
|  80|0x0000000785000000, 0x0000000785000000, 0x0000000785100000|  0%| F|  |TAMS 0x0000000785000000, 0x0000000785000000| Untracked 
|  81|0x0000000785100000, 0x0000000785200000, 0x0000000785200000|100%| O|  |TAMS 0x0000000785200000, 0x0000000785100000| Complete 
|  82|0x0000000785200000, 0x0000000785200000, 0x0000000785300000|  0%| F|  |TAMS 0x0000000785200000, 0x0000000785200000| Untracked 
|  83|0x0000000785300000, 0x0000000785400000, 0x0000000785400000|100%| O|  |TAMS 0x0000000785400000, 0x0000000785300000| Complete 
|  84|0x0000000785400000, 0x0000000785500000, 0x0000000785500000|100%| O|  |TAMS 0x0000000785500000, 0x0000000785400000| Complete 
|  85|0x0000000785500000, 0x0000000785600000, 0x0000000785600000|100%| O|  |TAMS 0x0000000785600000, 0x0000000785500000| Complete 
|  86|0x0000000785600000, 0x0000000785700000, 0x0000000785700000|100%| O|  |TAMS 0x0000000785700000, 0x0000000785600000| Complete 
|  87|0x0000000785700000, 0x0000000785800000, 0x0000000785800000|100%| O|  |TAMS 0x0000000785800000, 0x0000000785700000| Complete 
|  88|0x0000000785800000, 0x0000000785900000, 0x0000000785900000|100%| O|  |TAMS 0x0000000785900000, 0x0000000785800000| Complete 
|  89|0x0000000785900000, 0x0000000785a00000, 0x0000000785a00000|100%| O|  |TAMS 0x0000000785a00000, 0x0000000785900000| Complete 
|  90|0x0000000785a00000, 0x0000000785b00000, 0x0000000785b00000|100%|HS|  |TAMS 0x0000000785a00000, 0x0000000785a00000| Complete 
|  91|0x0000000785b00000, 0x0000000785c00000, 0x0000000785c00000|100%|HC|  |TAMS 0x0000000785b00000, 0x0000000785b00000| Complete 
|  92|0x0000000785c00000, 0x0000000785d00000, 0x0000000785d00000|100%|HS|  |TAMS 0x0000000785c00000, 0x0000000785c00000| Complete 
|  93|0x0000000785d00000, 0x0000000785e00000, 0x0000000785e00000|100%|HC|  |TAMS 0x0000000785d00000, 0x0000000785d00000| Complete 
|  94|0x0000000785e00000, 0x0000000785f00000, 0x0000000785f00000|100%|HS|  |TAMS 0x0000000785e00000, 0x0000000785e00000| Complete 
|  95|0x0000000785f00000, 0x0000000786000000, 0x0000000786000000|100%|HC|  |TAMS 0x0000000785f00000, 0x0000000785f00000| Complete 
|  96|0x0000000786000000, 0x0000000786100000, 0x0000000786100000|100%|HS|  |TAMS 0x0000000786000000, 0x0000000786000000| Complete 
|  97|0x0000000786100000, 0x0000000786200000, 0x0000000786200000|100%|HC|  |TAMS 0x0000000786100000, 0x0000000786100000| Complete 
|  98|0x0000000786200000, 0x0000000786300000, 0x0000000786300000|100%|HS|  |TAMS 0x0000000786200000, 0x0000000786200000| Complete 
|  99|0x0000000786300000, 0x0000000786400000, 0x0000000786400000|100%|HC|  |TAMS 0x0000000786300000, 0x0000000786300000| Complete 
| 100|0x0000000786400000, 0x0000000786500000, 0x0000000786500000|100%|HS|  |TAMS 0x0000000786400000, 0x0000000786400000| Complete 
| 101|0x0000000786500000, 0x0000000786500000, 0x0000000786600000|  0%| F|  |TAMS 0x0000000786500000, 0x0000000786500000| Untracked 
| 102|0x0000000786600000, 0x0000000786600000, 0x0000000786700000|  0%| F|  |TAMS 0x0000000786600000, 0x0000000786600000| Untracked 
| 103|0x0000000786700000, 0x0000000786700000, 0x0000000786800000|  0%| F|  |TAMS 0x0000000786700000, 0x0000000786700000| Untracked 
| 104|0x0000000786800000, 0x0000000786800000, 0x0000000786900000|  0%| F|  |TAMS 0x0000000786800000, 0x0000000786800000| Untracked 
| 105|0x0000000786900000, 0x0000000786900000, 0x0000000786a00000|  0%| F|  |TAMS 0x0000000786900000, 0x0000000786900000| Untracked 
| 106|0x0000000786a00000, 0x0000000786a00000, 0x0000000786b00000|  0%| F|  |TAMS 0x0000000786a00000, 0x0000000786a00000| Untracked 
| 107|0x0000000786b00000, 0x0000000786b00000, 0x0000000786c00000|  0%| F|  |TAMS 0x0000000786b00000, 0x0000000786b00000| Untracked 
| 108|0x0000000786c00000, 0x0000000786c00000, 0x0000000786d00000|  0%| F|  |TAMS 0x0000000786c00000, 0x0000000786c00000| Untracked 
| 109|0x0000000786d00000, 0x0000000786d00000, 0x0000000786e00000|  0%| F|  |TAMS 0x0000000786d00000, 0x0000000786d00000| Untracked 
| 110|0x0000000786e00000, 0x0000000786e00000, 0x0000000786f00000|  0%| F|  |TAMS 0x0000000786e00000, 0x0000000786e00000| Untracked 
| 111|0x0000000786f00000, 0x0000000786f00000, 0x0000000787000000|  0%| F|  |TAMS 0x0000000786f00000, 0x0000000786f00000| Untracked 
| 112|0x0000000787000000, 0x0000000787000000, 0x0000000787100000|  0%| F|  |TAMS 0x0000000787000000, 0x0000000787000000| Untracked 
| 113|0x0000000787100000, 0x0000000787100000, 0x0000000787200000|  0%| F|  |TAMS 0x0000000787100000, 0x0000000787100000| Untracked 
| 114|0x0000000787200000, 0x0000000787200000, 0x0000000787300000|  0%| F|  |TAMS 0x0000000787200000, 0x0000000787200000| Untracked 
| 115|0x0000000787300000, 0x0000000787300000, 0x0000000787400000|  0%| F|  |TAMS 0x0000000787300000, 0x0000000787300000| Untracked 
| 116|0x0000000787400000, 0x0000000787400000, 0x0000000787500000|  0%| F|  |TAMS 0x0000000787400000, 0x0000000787400000| Untracked 
| 117|0x0000000787500000, 0x0000000787500000, 0x0000000787600000|  0%| F|  |TAMS 0x0000000787500000, 0x0000000787500000| Untracked 
| 118|0x0000000787600000, 0x0000000787600000, 0x0000000787700000|  0%| F|  |TAMS 0x0000000787600000, 0x0000000787600000| Untracked 
| 119|0x0000000787700000, 0x0000000787700000, 0x0000000787800000|  0%| F|  |TAMS 0x0000000787700000, 0x0000000787700000| Untracked 
| 120|0x0000000787800000, 0x0000000787800000, 0x0000000787900000|  0%| F|  |TAMS 0x0000000787800000, 0x0000000787800000| Untracked 
| 121|0x0000000787900000, 0x0000000787900000, 0x0000000787a00000|  0%| F|  |TAMS 0x0000000787900000, 0x0000000787900000| Untracked 
| 122|0x0000000787a00000, 0x0000000787a00000, 0x0000000787b00000|  0%| F|  |TAMS 0x0000000787a00000, 0x0000000787a00000| Untracked 
| 123|0x0000000787b00000, 0x0000000787b00000, 0x0000000787c00000|  0%| F|  |TAMS 0x0000000787b00000, 0x0000000787b00000| Untracked 
| 124|0x0000000787c00000, 0x0000000787c00000, 0x0000000787d00000|  0%| F|  |TAMS 0x0000000787c00000, 0x0000000787c00000| Untracked 
| 125|0x0000000787d00000, 0x0000000787d00000, 0x0000000787e00000|  0%| F|  |TAMS 0x0000000787d00000, 0x0000000787d00000| Untracked 
| 126|0x0000000787e00000, 0x0000000787e00000, 0x0000000787f00000|  0%| F|  |TAMS 0x0000000787e00000, 0x0000000787e00000| Untracked 
| 127|0x0000000787f00000, 0x0000000787f00000, 0x0000000788000000|  0%| F|  |TAMS 0x0000000787f00000, 0x0000000787f00000| Untracked 
| 128|0x0000000788000000, 0x0000000788000000, 0x0000000788100000|  0%| F|  |TAMS 0x0000000788000000, 0x0000000788000000| Untracked 
| 129|0x0000000788100000, 0x0000000788100000, 0x0000000788200000|  0%| F|  |TAMS 0x0000000788100000, 0x0000000788100000| Untracked 
| 130|0x0000000788200000, 0x0000000788200000, 0x0000000788300000|  0%| F|  |TAMS 0x0000000788200000, 0x0000000788200000| Untracked 
| 131|0x0000000788300000, 0x0000000788300000, 0x0000000788400000|  0%| F|  |TAMS 0x0000000788300000, 0x0000000788300000| Untracked 
| 132|0x0000000788400000, 0x0000000788400000, 0x0000000788500000|  0%| F|  |TAMS 0x0000000788400000, 0x0000000788400000| Untracked 
| 133|0x0000000788500000, 0x0000000788500000, 0x0000000788600000|  0%| F|  |TAMS 0x0000000788500000, 0x0000000788500000| Untracked 
| 134|0x0000000788600000, 0x0000000788600000, 0x0000000788700000|  0%| F|  |TAMS 0x0000000788600000, 0x0000000788600000| Untracked 
| 135|0x0000000788700000, 0x0000000788700000, 0x0000000788800000|  0%| F|  |TAMS 0x0000000788700000, 0x0000000788700000| Untracked 
| 136|0x0000000788800000, 0x0000000788800000, 0x0000000788900000|  0%| F|  |TAMS 0x0000000788800000, 0x0000000788800000| Untracked 
| 137|0x0000000788900000, 0x0000000788900000, 0x0000000788a00000|  0%| F|  |TAMS 0x0000000788900000, 0x0000000788900000| Untracked 
| 138|0x0000000788a00000, 0x0000000788a00000, 0x0000000788b00000|  0%| F|  |TAMS 0x0000000788a00000, 0x0000000788a00000| Untracked 
| 139|0x0000000788b00000, 0x0000000788b00000, 0x0000000788c00000|  0%| F|  |TAMS 0x0000000788b00000, 0x0000000788b00000| Untracked 
| 140|0x0000000788c00000, 0x0000000788c00000, 0x0000000788d00000|  0%| F|  |TAMS 0x0000000788c00000, 0x0000000788c00000| Untracked 
| 141|0x0000000788d00000, 0x0000000788d00000, 0x0000000788e00000|  0%| F|  |TAMS 0x0000000788d00000, 0x0000000788d00000| Untracked 
| 142|0x0000000788e00000, 0x0000000788e00000, 0x0000000788f00000|  0%| F|  |TAMS 0x0000000788e00000, 0x0000000788e00000| Untracked 
| 143|0x0000000788f00000, 0x0000000788f00000, 0x0000000789000000|  0%| F|  |TAMS 0x0000000788f00000, 0x0000000788f00000| Untracked 
| 144|0x0000000789000000, 0x0000000789000000, 0x0000000789100000|  0%| F|  |TAMS 0x0000000789000000, 0x0000000789000000| Untracked 
| 145|0x0000000789100000, 0x0000000789100000, 0x0000000789200000|  0%| F|  |TAMS 0x0000000789100000, 0x0000000789100000| Untracked 
| 146|0x0000000789200000, 0x0000000789200000, 0x0000000789300000|  0%| F|  |TAMS 0x0000000789200000, 0x0000000789200000| Untracked 
| 147|0x0000000789300000, 0x0000000789300000, 0x0000000789400000|  0%| F|  |TAMS 0x0000000789300000, 0x0000000789300000| Untracked 
| 148|0x0000000789400000, 0x0000000789400000, 0x0000000789500000|  0%| F|  |TAMS 0x0000000789400000, 0x0000000789400000| Untracked 
| 149|0x0000000789500000, 0x0000000789500000, 0x0000000789600000|  0%| F|  |TAMS 0x0000000789500000, 0x0000000789500000| Untracked 
| 150|0x0000000789600000, 0x0000000789600000, 0x0000000789700000|  0%| F|  |TAMS 0x0000000789600000, 0x0000000789600000| Untracked 
| 151|0x0000000789700000, 0x0000000789700000, 0x0000000789800000|  0%| F|  |TAMS 0x0000000789700000, 0x0000000789700000| Untracked 
| 152|0x0000000789800000, 0x0000000789800000, 0x0000000789900000|  0%| F|  |TAMS 0x0000000789800000, 0x0000000789800000| Untracked 
| 153|0x0000000789900000, 0x0000000789900000, 0x0000000789a00000|  0%| F|  |TAMS 0x0000000789900000, 0x0000000789900000| Untracked 
| 154|0x0000000789a00000, 0x0000000789a00000, 0x0000000789b00000|  0%| F|  |TAMS 0x0000000789a00000, 0x0000000789a00000| Untracked 
| 155|0x0000000789b00000, 0x0000000789b00000, 0x0000000789c00000|  0%| F|  |TAMS 0x0000000789b00000, 0x0000000789b00000| Untracked 
| 156|0x0000000789c00000, 0x0000000789c00000, 0x0000000789d00000|  0%| F|  |TAMS 0x0000000789c00000, 0x0000000789c00000| Untracked 
| 157|0x0000000789d00000, 0x0000000789d00000, 0x0000000789e00000|  0%| F|  |TAMS 0x0000000789d00000, 0x0000000789d00000| Untracked 
| 158|0x0000000789e00000, 0x0000000789e844b8, 0x0000000789f00000| 51%| E|  |TAMS 0x0000000789e00000, 0x0000000789e00000| Complete 
| 159|0x0000000789f00000, 0x000000078a000000, 0x000000078a000000|100%| E|CS|TAMS 0x0000000789f00000, 0x0000000789f00000| Complete 
| 160|0x000000078a000000, 0x000000078a100000, 0x000000078a100000|100%| E|CS|TAMS 0x000000078a000000, 0x000000078a000000| Complete 
| 161|0x000000078a100000, 0x000000078a200000, 0x000000078a200000|100%| E|CS|TAMS 0x000000078a100000, 0x000000078a100000| Complete 
| 162|0x000000078a200000, 0x000000078a300000, 0x000000078a300000|100%| E|CS|TAMS 0x000000078a200000, 0x000000078a200000| Complete 
| 163|0x000000078a300000, 0x000000078a400000, 0x000000078a400000|100%| E|CS|TAMS 0x000000078a300000, 0x000000078a300000| Complete 
| 164|0x000000078a400000, 0x000000078a500000, 0x000000078a500000|100%| E|CS|TAMS 0x000000078a400000, 0x000000078a400000| Complete 
| 165|0x000000078a500000, 0x000000078a600000, 0x000000078a600000|100%| E|CS|TAMS 0x000000078a500000, 0x000000078a500000| Complete 
| 166|0x000000078a600000, 0x000000078a700000, 0x000000078a700000|100%| E|  |TAMS 0x000000078a600000, 0x000000078a600000| Complete 
| 167|0x000000078a700000, 0x000000078a800000, 0x000000078a800000|100%| E|CS|TAMS 0x000000078a700000, 0x000000078a700000| Complete 
| 168|0x000000078a800000, 0x000000078a900000, 0x000000078a900000|100%| E|CS|TAMS 0x000000078a800000, 0x000000078a800000| Complete 
| 169|0x000000078a900000, 0x000000078aa00000, 0x000000078aa00000|100%| E|CS|TAMS 0x000000078a900000, 0x000000078a900000| Complete 
| 170|0x000000078aa00000, 0x000000078ab00000, 0x000000078ab00000|100%| E|CS|TAMS 0x000000078aa00000, 0x000000078aa00000| Complete 
| 171|0x000000078ab00000, 0x000000078ab75a68, 0x000000078ac00000| 45%| S|CS|TAMS 0x000000078ab00000, 0x000000078ab00000| Complete 
| 172|0x000000078ac00000, 0x000000078ad00000, 0x000000078ad00000|100%| S|CS|TAMS 0x000000078ac00000, 0x000000078ac00000| Complete 
| 173|0x000000078ad00000, 0x000000078ae00000, 0x000000078ae00000|100%| S|CS|TAMS 0x000000078ad00000, 0x000000078ad00000| Complete 
| 174|0x000000078ae00000, 0x000000078af00000, 0x000000078af00000|100%| S|CS|TAMS 0x000000078ae00000, 0x000000078ae00000| Complete 
| 175|0x000000078af00000, 0x000000078b000000, 0x000000078b000000|100%| S|CS|TAMS 0x000000078af00000, 0x000000078af00000| Complete 
| 176|0x000000078b000000, 0x000000078b100000, 0x000000078b100000|100%| S|CS|TAMS 0x000000078b000000, 0x000000078b000000| Complete 
| 177|0x000000078b100000, 0x000000078b200000, 0x000000078b200000|100%| E|CS|TAMS 0x000000078b100000, 0x000000078b100000| Complete 
| 178|0x000000078b200000, 0x000000078b300000, 0x000000078b300000|100%| E|CS|TAMS 0x000000078b200000, 0x000000078b200000| Complete 
| 179|0x000000078b300000, 0x000000078b400000, 0x000000078b400000|100%| E|CS|TAMS 0x000000078b300000, 0x000000078b300000| Complete 
| 180|0x000000078b400000, 0x000000078b500000, 0x000000078b500000|100%| E|CS|TAMS 0x000000078b400000, 0x000000078b400000| Complete 
| 181|0x000000078b500000, 0x000000078b600000, 0x000000078b600000|100%| E|CS|TAMS 0x000000078b500000, 0x000000078b500000| Complete 
| 182|0x000000078b600000, 0x000000078b700000, 0x000000078b700000|100%| E|CS|TAMS 0x000000078b600000, 0x000000078b600000| Complete 
| 183|0x000000078b700000, 0x000000078b800000, 0x000000078b800000|100%| E|CS|TAMS 0x000000078b700000, 0x000000078b700000| Complete 
| 184|0x000000078b800000, 0x000000078b900000, 0x000000078b900000|100%| E|CS|TAMS 0x000000078b800000, 0x000000078b800000| Complete 

Card table byte_map: [0x000000010933a000,0x000000010973a000] _byte_map_base: 0x000000010573a000

Marking Bits (Prev, Next): (CMBitMap*) 0x00007f8243827e18, (CMBitMap*) 0x00007f8243827e50
 Prev Bits: [0x0000000109b3a000, 0x000000010bb3a000)
 Next Bits: [0x000000011f59e000, 0x000000012159e000)

Polling page: 0x0000000103fa7000

Metaspace:

Usage:
  Non-class:     79.06 MB capacity,    77.79 MB ( 98%) used,     1.06 MB (  1%) free+waste,   217.12 KB ( <1%) overhead. 
      Class:     11.71 MB capacity,    11.04 MB ( 94%) used,   582.95 KB (  5%) free+waste,    96.62 KB ( <1%) overhead. 
       Both:     90.76 MB capacity,    88.83 MB ( 98%) used,     1.63 MB (  2%) free+waste,   313.75 KB ( <1%) overhead. 

Virtual space:
  Non-class space:       80.00 MB reserved,      79.45 MB (>99%) committed 
      Class space:        1.00 GB reserved,      11.88 MB (  1%) committed 
             Both:        1.08 GB reserved,      91.32 MB (  8%) committed 

Chunk freelists:
   Non-Class:  309.00 KB
       Class:  109.00 KB
        Both:  418.00 KB

MaxMetaspaceSize: unlimited
CompressedClassSpaceSize: 1.00 GB
Initial GC threshold: 20.80 MB
Current GC threshold: 147.21 MB
CDS: off

CodeHeap 'non-profiled nmethods': size=120032Kb used=4540Kb max_used=4540Kb free=115491Kb
 bounds [0x0000000118066000, 0x00000001184d6000, 0x000000011f59e000]
CodeHeap 'profiled nmethods': size=120028Kb used=21542Kb max_used=21542Kb free=98486Kb
 bounds [0x0000000110b2f000, 0x000000011203f000, 0x0000000118066000]
CodeHeap 'non-nmethods': size=5700Kb used=2350Kb max_used=2390Kb free=3349Kb
 bounds [0x000000011059e000, 0x000000011080e000, 0x0000000110b2f000]
 total_blobs=11971 nmethods=11109 adapters=774
 compilation: enabled
              stopped_count=0, restarted_count=0
 full_count=0

Compilation events (20 events):
Event: 153.878 Thread 0x00007f8243010800 11467       4       java.lang.Long::valueOf (40 bytes)
Event: 153.881 Thread 0x00007f8243010800 nmethod 11467 0x00000001184d2c10 code [0x00000001184d2dc0, 0x00000001184d2ed8]
Event: 153.881 Thread 0x00007f8243010800 11482       4       org.gradle.internal.dispatch.ReflectionDispatch::dispatch (9 bytes)
Event: 153.881 Thread 0x00007f824504c000 11485       3       org.gradle.internal.service.DefaultServiceRegistry::serviceRequested (42 bytes)
Event: 153.886 Thread 0x00007f824504c000 nmethod 11485 0x0000000112023910 code [0x0000000112023d00, 0x0000000112025790]
Event: 153.886 Thread 0x00007f824504c000 11486       3       org.gradle.internal.event.DefaultListenerManager$EventBroadcast::getDispatch (16 bytes)
Event: 153.886 Thread 0x00007f824504c000 nmethod 11486 0x0000000112026110 code [0x00000001120262c0, 0x0000000112026430]
Event: 153.886 Thread 0x00007f824504c000 11487       3       org.gradle.internal.work.DefaultWorkerLeaseService$Root::grantLease (28 bytes)
Event: 153.886 Thread 0x00007f824504c000 nmethod 11487 0x0000000112026510 code [0x00000001120266c0, 0x0000000112026830]
Event: 153.891 Thread 0x00007f824504c000 11490       1       org.gradle.cache.PersistentIndexedCacheParameters::getCacheName (5 bytes)
Event: 153.891 Thread 0x00007f824504c000 nmethod 11490 0x00000001184d2f90 code [0x00000001184d3140, 0x00000001184d31f0]
Event: 153.892 Thread 0x00007f8243010800 nmethod 11482 0x00000001184d3290 code [0x00000001184d3460, 0x00000001184d3988]
Event: 153.893 Thread 0x00007f8243010800 11484       4       org.gradle.internal.service.DefaultServiceRegistry$CompositeServiceProvider::getService (49 bytes)
Event: 153.896 Thread 0x00007f8243010800 nmethod 11484 0x00000001184d3d10 code [0x00000001184d3ea0, 0x00000001184d3f98]
Event: 153.896 Thread 0x00007f8243010800 11488       4       java.util.concurrent.ConcurrentLinkedQueue::add (6 bytes)
Event: 153.906 Thread 0x00007f824504c000 11493       3       java.lang.Character::isJavaIdentifierStart (9 bytes)
Event: 153.906 Thread 0x00007f824504c000 nmethod 11493 0x0000000112026910 code [0x0000000112026ae0, 0x0000000112026cd0]
Event: 153.910 Thread 0x00007f8243010800 nmethod 11488 0x00000001184d4090 code [0x00000001184d4240, 0x00000001184d4618]
Event: 153.910 Thread 0x00007f8243010800 11483   !   4       org.gradle.internal.dispatch.ReflectionDispatch::dispatch (42 bytes)
Event: 153.918 Thread 0x00007f824504c000 11495   !   3       org.gradle.internal.resources.DefaultResourceLockCoordinationService::withStateLock (264 bytes)

GC Heap History (20 events):
Event: 9.391 GC heap before
{Heap before GC invocations=14 (full 0):
 garbage-first heap   total 189440K, used 119559K [0x0000000780000000, 0x0000000800000000)
  region size 1024K, 81 young (82944K), 8 survivors (8192K)
 Metaspace       used 66309K, capacity 67832K, committed 68172K, reserved 1107968K
  class space    used 8692K, capacity 9242K, committed 9344K, reserved 1048576K
}
Event: 9.402 GC heap after
{Heap after GC invocations=15 (full 0):
 garbage-first heap   total 189440K, used 49541K [0x0000000780000000, 0x0000000800000000)
  region size 1024K, 9 young (9216K), 9 survivors (9216K)
 Metaspace       used 66309K, capacity 67832K, committed 68172K, reserved 1107968K
  class space    used 8692K, capacity 9242K, committed 9344K, reserved 1048576K
}
Event: 10.493 GC heap before
{Heap before GC invocations=15 (full 0):
 garbage-first heap   total 189440K, used 125317K [0x0000000780000000, 0x0000000800000000)
  region size 1024K, 84 young (86016K), 9 survivors (9216K)
 Metaspace       used 73785K, capacity 75671K, committed 75980K, reserved 1114112K
  class space    used 9690K, capacity 10369K, committed 10496K, reserved 1048576K
}
Event: 10.502 GC heap after
{Heap after GC invocations=16 (full 0):
 garbage-first heap   total 189440K, used 54150K [0x0000000780000000, 0x0000000800000000)
  region size 1024K, 10 young (10240K), 10 survivors (10240K)
 Metaspace       used 73785K, capacity 75671K, committed 75980K, reserved 1114112K
  class space    used 9690K, capacity 10369K, committed 10496K, reserved 1048576K
}
Event: 11.512 GC heap before
{Heap before GC invocations=16 (full 0):
 garbage-first heap   total 189440K, used 134022K [0x0000000780000000, 0x0000000800000000)
  region size 1024K, 89 young (91136K), 10 survivors (10240K)
 Metaspace       used 75418K, capacity 77328K, committed 77644K, reserved 1116160K
  class space    used 9847K, capacity 10511K, committed 10624K, reserved 1048576K
}
Event: 11.523 GC heap after
{Heap after GC invocations=17 (full 0):
 garbage-first heap   total 189440K, used 61479K [0x0000000780000000, 0x0000000800000000)
  region size 1024K, 12 young (12288K), 12 survivors (12288K)
 Metaspace       used 75418K, capacity 77328K, committed 77644K, reserved 1116160K
  class space    used 9847K, capacity 10511K, committed 10624K, reserved 1048576K
}
Event: 12.057 GC heap before
{Heap before GC invocations=17 (full 0):
 garbage-first heap   total 189440K, used 148519K [0x0000000780000000, 0x0000000800000000)
  region size 1024K, 87 young (89088K), 12 survivors (12288K)
 Metaspace       used 75978K, capacity 77984K, committed 78156K, reserved 1116160K
  class space    used 9886K, capacity 10577K, committed 10624K, reserved 1048576K
}
Event: 12.082 GC heap after
{Heap after GC invocations=18 (full 0):
 garbage-first heap   total 189440K, used 75055K [0x0000000780000000, 0x0000000800000000)
  region size 1024K, 11 young (11264K), 11 survivors (11264K)
 Metaspace       used 75978K, capacity 77984K, committed 78156K, reserved 1116160K
  class space    used 9886K, capacity 10577K, committed 10624K, reserved 1048576K
}
Event: 12.711 GC heap before
{Heap before GC invocations=18 (full 0):
 garbage-first heap   total 189440K, used 154927K [0x0000000780000000, 0x0000000800000000)
  region size 1024K, 75 young (76800K), 11 survivors (11264K)
 Metaspace       used 79504K, capacity 81411K, committed 81740K, reserved 1120256K
  class space    used 10191K, capacity 10854K, committed 10880K, reserved 1048576K
}
Event: 12.725 GC heap after
{Heap after GC invocations=19 (full 0):
 garbage-first heap   total 189440K, used 83736K [0x0000000780000000, 0x0000000800000000)
  region size 1024K, 8 young (8192K), 8 survivors (8192K)
 Metaspace       used 79504K, capacity 81411K, committed 81740K, reserved 1120256K
  class space    used 10191K, capacity 10854K, committed 10880K, reserved 1048576K
}
Event: 13.066 GC heap before
{Heap before GC invocations=19 (full 0):
 garbage-first heap   total 189440K, used 144152K [0x0000000780000000, 0x0000000800000000)
  region size 1024K, 68 young (69632K), 8 survivors (8192K)
 Metaspace       used 80357K, capacity 82326K, committed 82636K, reserved 1120256K
  class space    used 10262K, capacity 10963K, committed 11008K, reserved 1048576K
}
Event: 13.073 GC heap after
{Heap after GC invocations=20 (full 0):
 garbage-first heap   total 189440K, used 84162K [0x0000000780000000, 0x0000000800000000)
  region size 1024K, 3 young (3072K), 3 survivors (3072K)
 Metaspace       used 80357K, capacity 82326K, committed 82636K, reserved 1120256K
  class space    used 10262K, capacity 10963K, committed 11008K, reserved 1048576K
}
Event: 13.419 GC heap before
{Heap before GC invocations=20 (full 0):
 garbage-first heap   total 189440K, used 147650K [0x0000000780000000, 0x0000000800000000)
  region size 1024K, 66 young (67584K), 3 survivors (3072K)
 Metaspace       used 81216K, capacity 83196K, committed 83532K, reserved 1122304K
  class space    used 10315K, capacity 11016K, committed 11136K, reserved 1048576K
}
Event: 13.424 GC heap after
{Heap after GC invocations=21 (full 0):
 garbage-first heap   total 189440K, used 86554K [0x0000000780000000, 0x0000000800000000)
  region size 1024K, 6 young (6144K), 6 survivors (6144K)
 Metaspace       used 81216K, capacity 83196K, committed 83532K, reserved 1122304K
  class space    used 10315K, capacity 11016K, committed 11136K, reserved 1048576K
}
Event: 14.021 GC heap before
{Heap before GC invocations=21 (full 0):
 garbage-first heap   total 189440K, used 149018K [0x0000000780000000, 0x0000000800000000)
  region size 1024K, 68 young (69632K), 6 survivors (6144K)
 Metaspace       used 84669K, capacity 86773K, committed 86988K, reserved 1124352K
  class space    used 10748K, capacity 11459K, committed 11520K, reserved 1048576K
}
Event: 14.027 GC heap after
{Heap after GC invocations=22 (full 0):
 garbage-first heap   total 189440K, used 89480K [0x0000000780000000, 0x0000000800000000)
  region size 1024K, 6 young (6144K), 6 survivors (6144K)
 Metaspace       used 84669K, capacity 86773K, committed 86988K, reserved 1124352K
  class space    used 10748K, capacity 11459K, committed 11520K, reserved 1048576K
}
Event: 15.612 GC heap before
{Heap before GC invocations=22 (full 0):
 garbage-first heap   total 189440K, used 152968K [0x0000000780000000, 0x0000000800000000)
  region size 1024K, 69 young (70656K), 6 survivors (6144K)
 Metaspace       used 86912K, capacity 88999K, committed 89292K, reserved 1126400K
  class space    used 10963K, capacity 11684K, committed 11776K, reserved 1048576K
}
Event: 15.619 GC heap after
{Heap after GC invocations=23 (full 0):
 garbage-first heap   total 189440K, used 93674K [0x0000000780000000, 0x0000000800000000)
  region size 1024K, 7 young (7168K), 7 survivors (7168K)
 Metaspace       used 86912K, capacity 88999K, committed 89292K, reserved 1126400K
  class space    used 10963K, capacity 11684K, committed 11776K, reserved 1048576K
}
Event: 15.763 GC heap before
{Heap before GC invocations=23 (full 0):
 garbage-first heap   total 189440K, used 100842K [0x0000000780000000, 0x0000000800000000)
  region size 1024K, 15 young (15360K), 7 survivors (7168K)
 Metaspace       used 87984K, capacity 90104K, committed 90444K, reserved 1128448K
  class space    used 11111K, capacity 11819K, committed 11904K, reserved 1048576K
}
Event: 15.769 GC heap after
{Heap after GC invocations=24 (full 0):
 garbage-first heap   total 189440K, used 94761K [0x0000000780000000, 0x0000000800000000)
  region size 1024K, 6 young (6144K), 6 survivors (6144K)
 Metaspace       used 87984K, capacity 90104K, committed 90444K, reserved 1128448K
  class space    used 11111K, capacity 11819K, committed 11904K, reserved 1048576K
}

Deoptimization events (20 events):
Event: 51.483 Thread 0x00007f82452bc000 Uncommon trap: trap_request=0xffffffc6 fr.pc=0x00000001184273e0 relative=0x0000000000000c60
Event: 51.483 Thread 0x00007f82452bc000 Uncommon trap: reason=bimorphic_or_optimized_type_check action=maybe_recompile pc=0x00000001184273e0 method=java.util.HashMap.removeNode(ILjava/lang/Object;Ljava/lang/Object;ZZ)Ljava/util/HashMap$Node; @ 283 c2
Event: 51.483 Thread 0x00007f82452bc000 DEOPT PACKING pc=0x00000001184273e0 sp=0x000070000eff9cf0
Event: 51.483 Thread 0x00007f82452bc000 DEOPT UNPACKING pc=0x00000001105e7ea5 sp=0x000070000eff9c88 mode 2
Event: 81.483 Thread 0x00007f82452bc000 Uncommon trap: trap_request=0xffffffc6 fr.pc=0x00000001184273e0 relative=0x0000000000000c60
Event: 81.483 Thread 0x00007f82452bc000 Uncommon trap: reason=bimorphic_or_optimized_type_check action=maybe_recompile pc=0x00000001184273e0 method=java.util.HashMap.removeNode(ILjava/lang/Object;Ljava/lang/Object;ZZ)Ljava/util/HashMap$Node; @ 283 c2
Event: 81.483 Thread 0x00007f82452bc000 DEOPT PACKING pc=0x00000001184273e0 sp=0x000070000eff9c10
Event: 81.483 Thread 0x00007f82452bc000 DEOPT UNPACKING pc=0x00000001105e7ea5 sp=0x000070000eff9ba8 mode 2
Event: 81.485 Thread 0x00007f82452bc000 Uncommon trap: trap_request=0xffffffc6 fr.pc=0x00000001184273e0 relative=0x0000000000000c60
Event: 81.485 Thread 0x00007f82452bc000 Uncommon trap: reason=bimorphic_or_optimized_type_check action=maybe_recompile pc=0x00000001184273e0 method=java.util.HashMap.removeNode(ILjava/lang/Object;Ljava/lang/Object;ZZ)Ljava/util/HashMap$Node; @ 283 c2
Event: 81.485 Thread 0x00007f82452bc000 DEOPT PACKING pc=0x00000001184273e0 sp=0x000070000eff9cf0
Event: 81.485 Thread 0x00007f82452bc000 DEOPT UNPACKING pc=0x00000001105e7ea5 sp=0x000070000eff9c88 mode 2
Event: 153.918 Thread 0x00007f82466c2000 Uncommon trap: trap_request=0xffffffde fr.pc=0x00000001184a310c relative=0x000000000000132c
Event: 153.918 Thread 0x00007f82466c2000 Uncommon trap: reason=class_check action=maybe_recompile pc=0x00000001184a310c method=java.io.ObjectOutputStream$BlockDataOutputStream.write([BIIZ)V @ 23 c2
Event: 153.918 Thread 0x00007f82466c2000 DEOPT PACKING pc=0x00000001184a310c sp=0x000070000f70f150
Event: 153.918 Thread 0x00007f82466c2000 DEOPT UNPACKING pc=0x00000001105e7ea5 sp=0x000070000f70f078 mode 2
Event: 153.918 Thread 0x00007f82466c2000 Uncommon trap: trap_request=0xffffffde fr.pc=0x00000001184a310c relative=0x000000000000132c
Event: 153.918 Thread 0x00007f82466c2000 Uncommon trap: reason=class_check action=maybe_recompile pc=0x00000001184a310c method=java.io.ObjectOutputStream$BlockDataOutputStream.write([BIIZ)V @ 23 c2
Event: 153.918 Thread 0x00007f82466c2000 DEOPT PACKING pc=0x00000001184a310c sp=0x000070000f70e9d0
Event: 153.918 Thread 0x00007f82466c2000 DEOPT UNPACKING pc=0x00000001105e7ea5 sp=0x000070000f70e8f8 mode 2

Classes redefined (0 events):
No events

Internal exceptions (20 events):
Event: 13.110 Thread 0x00007f8244ab9800 Exception <a 'sun/nio/fs/UnixException'{0x000000078b00cde8}> (0x000000078b00cde8) thrown at [./src/hotspot/share/prims/jni.cpp, line 615]
Event: 13.306 Thread 0x00007f824583d800 Exception <a 'java/lang/NoSuchMethodError'{0x00000007887c8768}: 'int java.lang.invoke.DirectMethodHandle$Holder.invokeSpecial(java.lang.Object, java.lang.Object, java.lang.Object, java.lang.Object, java.lang.Object)'> (0x00000007887c8768) thrown at [./src/hotspot/share/interpreter/linkResolver.cpp, line 773]
Event: 13.539 Thread 0x00007f8247af4000 Exception <a 'java/lang/NoSuchMethodError'{0x000000078afa8800}: <clinit>> (0x000000078afa8800) thrown at [./src/hotspot/share/prims/jni.cpp, line 1365]
Event: 13.539 Thread 0x00007f8247af4000 Exception <a 'java/lang/NoSuchMethodError'{0x000000078afa9b20}: <clinit>> (0x000000078afa9b20) thrown at [./src/hotspot/share/prims/jni.cpp, line 1365]
Event: 13.539 Thread 0x00007f8247af4000 Exception <a 'java/lang/NoSuchMethodError'{0x000000078afabfe8}: <clinit>> (0x000000078afabfe8) thrown at [./src/hotspot/share/prims/jni.cpp, line 1365]
Event: 13.541 Thread 0x00007f8247af4000 Exception <a 'java/lang/NoSuchMethodError'{0x000000078afc39a0}: <clinit>> (0x000000078afc39a0) thrown at [./src/hotspot/share/prims/jni.cpp, line 1365]
Event: 13.541 Thread 0x00007f8247af4000 Exception <a 'java/lang/NoSuchMethodError'{0x000000078afc4bd8}: <clinit>> (0x000000078afc4bd8) thrown at [./src/hotspot/share/prims/jni.cpp, line 1365]
Event: 13.706 Thread 0x00007f8247af4000 Exception <a 'java/lang/NoSuchMethodError'{0x0000000789752d30}: <clinit>> (0x0000000789752d30) thrown at [./src/hotspot/share/prims/jni.cpp, line 1365]
Event: 13.707 Thread 0x00007f8247af4000 Exception <a 'java/lang/NoSuchMethodError'{0x000000078976b338}: <clinit>> (0x000000078976b338) thrown at [./src/hotspot/share/prims/jni.cpp, line 1365]
Event: 14.174 Thread 0x00007f8244b59800 Exception <a 'java/lang/NoSuchMethodError'{0x000000078b05d930}: 'java.lang.Object java.lang.invoke.DirectMethodHandle$Holder.invokeStaticInit(java.lang.Object, java.lang.Object, long, java.lang.Object)'> (0x000000078b05d930) thrown at [./src/hotspot/share/interpreter/linkResolver.cpp, line 773]
Event: 14.175 Thread 0x00007f8244b59800 Exception <a 'java/lang/NoSuchMethodError'{0x000000078b069b80}: 'java.lang.Object java.lang.invoke.Invokers$Holder.linkToTargetMethod(java.lang.Object, long, java.lang.Object)'> (0x000000078b069b80) thrown at [./src/hotspot/share/interpreter/linkResolver.cpp, line 773]
Event: 14.219 Thread 0x00007f8244b59800 Exception <a 'java/lang/NoSuchMethodError'{0x000000078af6aed8}: 'int java.lang.invoke.DirectMethodHandle$Holder.invokeSpecialIFC(java.lang.Object, java.lang.Object, java.lang.Object)'> (0x000000078af6aed8) thrown at [./src/hotspot/share/interpreter/linkResolver.cpp, line 773]
Event: 15.475 Thread 0x00007f8244b59800 Implicit null exception at 0x00000001184714fc to 0x0000000118471c9c
Event: 15.545 Thread 0x00007f8247af4000 Exception <a 'sun/nio/fs/UnixException'{0x0000000787deba38}> (0x0000000787deba38) thrown at [./src/hotspot/share/prims/jni.cpp, line 615]
Event: 15.547 Thread 0x00007f8247af4000 Exception <a 'sun/nio/fs/UnixException'{0x0000000787df6eb0}> (0x0000000787df6eb0) thrown at [./src/hotspot/share/prims/jni.cpp, line 615]
Event: 15.547 Thread 0x00007f8247af4000 Exception <a 'sun/nio/fs/UnixException'{0x0000000787df95f0}> (0x0000000787df95f0) thrown at [./src/hotspot/share/prims/jni.cpp, line 615]
Event: 16.088 Thread 0x00007f82466c2000 Exception <a 'java/lang/NoSuchMethodError'{0x000000078b466eb8}: 'java.lang.Object java.lang.invoke.DirectMethodHandle$Holder.invokeSpecial(java.lang.Object, java.lang.Object, java.lang.Object, int, int, java.lang.Object, java.lang.Object)'> (0x000000078b466eb8) thrown at [./src/hotspot/share/interpreter/linkResolver.cpp, line 773]
Event: 16.089 Thread 0x00007f82466c2000 Exception <a 'java/lang/NoSuchMethodError'{0x000000078b470020}: 'java.lang.Object java.lang.invoke.DirectMethodHandle$Holder.invokeStatic(java.lang.Object, java.lang.Object, java.lang.Object, int, int, java.lang.Object)'> (0x000000078b470020) thrown at [./src/hotspot/share/interpreter/linkResolver.cpp, line 773]
Event: 16.089 Thread 0x00007f82466c2000 Exception <a 'java/lang/NoSuchMethodError'{0x000000078b473d40}: 'java.lang.Object java.lang.invoke.DirectMethodHandle$Holder.invokeSpecial(java.lang.Object, java.lang.Object, java.lang.Object, java.lang.Object, int, int, java.lang.Object)'> (0x000000078b473d40) thrown at [./src/hotspot/share/interpreter/linkResolver.cpp, line 773]
Event: 16.089 Thread 0x00007f82466c2000 Exception <a 'java/lang/NoSuchMethodError'{0x000000078b4774b0}: 'java.lang.Object java.lang.invoke.Invokers$Holder.linkToTargetMethod(java.lang.Object, java.lang.Object, int, int, java.lang.Object, java.lang.Object)'> (0x000000078b4774b0) thrown at [./src/hotspot/share/interpreter/linkResolver.cpp, line 773]

Events (20 events):
Event: 153.874 Executing VM operation: RevokeBias
Event: 153.874 Executing VM operation: RevokeBias done
Event: 153.876 Thread 0x00007f8243844000 Thread added: 0x00007f8243844000
Event: 153.876 Protecting memory [0x000070000ff2b000,0x000070000ff2f000] with protection modes 0
Event: 153.878 Executing VM operation: RevokeBias
Event: 153.878 Executing VM operation: RevokeBias done
Event: 153.880 Executing VM operation: RevokeBias
Event: 153.880 Executing VM operation: RevokeBias done
Event: 153.880 Executing VM operation: RevokeBias
Event: 153.881 Executing VM operation: RevokeBias done
Event: 153.882 Executing VM operation: RevokeBias
Event: 153.883 Executing VM operation: RevokeBias done
Event: 153.883 Executing VM operation: RevokeBias
Event: 153.884 Executing VM operation: RevokeBias done
Event: 153.890 Thread 0x00007f8246620800 Thread added: 0x00007f8246620800
Event: 153.890 Protecting memory [0x000070001002e000,0x0000700010032000] with protection modes 0
Event: 153.897 Thread 0x00007f824a89a000 Thread added: 0x00007f824a89a000
Event: 153.897 Protecting memory [0x0000700010131000,0x0000700010135000] with protection modes 0
Event: 153.901 Thread 0x00007f8244cf7000 Thread added: 0x00007f8244cf7000
Event: 153.901 Protecting memory [0x0000700010337000,0x000070001033b000] with protection modes 0


Dynamic libraries:
0x00007fff34ea2000 	/System/Library/Frameworks/Cocoa.framework/Versions/A/Cocoa
0x00007fff221ec000 	/System/Library/Frameworks/Security.framework/Versions/A/Security
0x00007fff330aa000 	/System/Library/Frameworks/ApplicationServices.framework/Versions/A/ApplicationServices
0x00007fff2a46e000 	/usr/lib/libz.1.dylib
0x0000000103f31000 	/Applications/IntelliJ IDEA.app/Contents/jbr/Contents/Home/lib/jli/libjli.dylib
0x00007fff2a536000 	/usr/lib/libSystem.B.dylib
0x00007fff22c1d000 	/System/Library/Frameworks/AppKit.framework/Versions/C/AppKit
0x00007fff25ae1000 	/System/Library/Frameworks/CoreData.framework/Versions/A/CoreData
0x00007fff21184000 	/System/Library/Frameworks/Foundation.framework/Versions/C/Foundation
0x00007fff23969000 	/System/Library/PrivateFrameworks/UIFoundation.framework/Versions/A/UIFoundation
0x00007fff2fb64000 	/System/Library/PrivateFrameworks/RemoteViewServices.framework/Versions/A/RemoteViewServices
0x00007fff2897a000 	/System/Library/PrivateFrameworks/XCTTargetBootstrap.framework/Versions/A/XCTTargetBootstrap
0x00007fff2b660000 	/usr/lib/libspindump.dylib
0x00007fff23bb8000 	/System/Library/Frameworks/UniformTypeIdentifiers.framework/Versions/A/UniformTypeIdentifiers
0x00007fff2717e000 	/usr/lib/libapp_launch_measurement.dylib
0x00007fff27181000 	/System/Library/PrivateFrameworks/CoreAutoLayout.framework/Versions/A/CoreAutoLayout
0x00007fff282e1000 	/System/Library/Frameworks/Metal.framework/Versions/A/Metal
0x00007fff28fd7000 	/usr/lib/liblangid.dylib
0x00007fff2897e000 	/System/Library/PrivateFrameworks/CoreSVG.framework/Versions/A/CoreSVG
0x00007fff24bf8000 	/System/Library/PrivateFrameworks/SkyLight.framework/Versions/A/SkyLight
0x00007fff24f5e000 	/System/Library/Frameworks/CoreGraphics.framework/Versions/A/CoreGraphics
0x00007fff3008b000 	/System/Library/Frameworks/Accelerate.framework/Versions/A/Accelerate
0x00007fff2b09e000 	/System/Library/PrivateFrameworks/IconServices.framework/Versions/A/IconServices
0x00007fff282c5000 	/System/Library/Frameworks/IOSurface.framework/Versions/A/IOSurface
0x00007fff26469000 	/usr/lib/libDiagnosticMessagesClient.dylib
0x00007fff28966000 	/System/Library/PrivateFrameworks/DFRFoundation.framework/Versions/A/DFRFoundation
0x00007fff22544000 	/usr/lib/libicucore.A.dylib
0x00007fff2cba3000 	/System/Library/Frameworks/AudioToolbox.framework/Versions/A/AudioToolbox
0x00007fff2be2b000 	/System/Library/PrivateFrameworks/DataDetectorsCore.framework/Versions/A/DataDetectorsCore
0x00007fff24b6b000 	/usr/lib/libMobileGestalt.dylib
0x00007fff2866a000 	/System/Library/Frameworks/Carbon.framework/Versions/A/Frameworks/HIToolbox.framework/Versions/A/HIToolbox
0x00007fff26bc3000 	/System/Library/Frameworks/QuartzCore.framework/Versions/A/QuartzCore
0x00007fff2fb9c000 	/System/Library/Frameworks/Carbon.framework/Versions/A/Frameworks/SpeechRecognition.framework/Versions/A/SpeechRecognition
0x00007fff26ee3000 	/System/Library/PrivateFrameworks/CoreUI.framework/Versions/A/CoreUI
0x00007fff21b5a000 	/System/Library/Frameworks/CoreAudio.framework/Versions/A/CoreAudio
0x00007fff26554000 	/System/Library/Frameworks/DiskArbitration.framework/Versions/A/DiskArbitration
0x00007fff2ba2e000 	/System/Library/PrivateFrameworks/MultitouchSupport.framework/Versions/A/MultitouchSupport
0x00007fff2be22000 	/System/Library/PrivateFrameworks/InternationalSupport.framework/Versions/A/InternationalSupport
0x00007fff24b6a000 	/usr/lib/libenergytrace.dylib
0x00007fff22b14000 	/System/Library/Frameworks/IOKit.framework/Versions/A/IOKit
0x00007fff2fecf000 	/System/Library/Frameworks/CoreServices.framework/Versions/A/CoreServices
0x00007fff27110000 	/System/Library/PrivateFrameworks/PerformanceAnalysis.framework/Versions/A/PerformanceAnalysis
0x00007fff6ba3c000 	/System/Library/Frameworks/OpenGL.framework/Versions/A/OpenGL
0x00007fff2bea6000 	/System/Library/PrivateFrameworks/UserActivity.framework/Versions/A/UserActivity
0x00007fff201f5000 	/usr/lib/libobjc.A.dylib
0x00007fff255e8000 	/System/Library/Frameworks/ColorSync.framework/Versions/A/ColorSync
0x00007fff203d5000 	/System/Library/Frameworks/CoreFoundation.framework/Versions/A/CoreFoundation
0x00007fff28be5000 	/System/Library/Frameworks/CoreImage.framework/Versions/A/CoreImage
0x00007fff21974000 	/System/Library/Frameworks/CoreText.framework/Versions/A/CoreText
0x00007fff289a8000 	/System/Library/Frameworks/ImageIO.framework/Versions/A/ImageIO
0x00007fff2a53c000 	/System/Library/PrivateFrameworks/SoftLinking.framework/Versions/A/SoftLinking
0x00007fff271c9000 	/usr/lib/libxml2.2.dylib
0x00007fff202bb000 	/usr/lib/libc++.1.dylib
0x00007fff2a7ad000 	/usr/lib/libcompression.dylib
0x00007fff2bd54000 	/System/Library/PrivateFrameworks/TextureIO.framework/Versions/A/TextureIO
0x00007fff2addc000 	/usr/lib/libate.dylib
0x00007fff2a530000 	/usr/lib/system/libcache.dylib
0x00007fff2a4ec000 	/usr/lib/system/libcommonCrypto.dylib
0x00007fff2a516000 	/usr/lib/system/libcompiler_rt.dylib
0x00007fff2a50b000 	/usr/lib/system/libcopyfile.dylib
0x00007fff200e5000 	/usr/lib/system/libcorecrypto.dylib
0x00007fff201b0000 	/usr/lib/system/libdispatch.dylib
0x00007fff20363000 	/usr/lib/system/libdyld.dylib
0x00007fff2a527000 	/usr/lib/system/libkeymgr.dylib
0x00007fff2d93a000 	/usr/lib/system/liblaunch.dylib
0x00007fff2a4ca000 	/usr/lib/system/libmacho.dylib
0x00007fff29cc2000 	/usr/lib/system/libquarantine.dylib
0x00007fff2a524000 	/usr/lib/system/libremovefile.dylib
0x00007fff24bc8000 	/usr/lib/system/libsystem_asl.dylib
0x00007fff20095000 	/usr/lib/system/libsystem_blocks.dylib
0x00007fff20232000 	/usr/lib/system/libsystem_c.dylib
0x00007fff2a51e000 	/usr/lib/system/libsystem_collections.dylib
0x00007fff28fc8000 	/usr/lib/system/libsystem_configuration.dylib
0x00007fff282b4000 	/usr/lib/system/libsystem_containermanager.dylib
0x00007fff2a26d000 	/usr/lib/system/libsystem_coreservices.dylib
0x00007fff227a4000 	/usr/lib/system/libsystem_darwin.dylib
0x00007fff2a528000 	/usr/lib/system/libsystem_dnssd.dylib
0x00007fff2022f000 	/usr/lib/system/libsystem_featureflags.dylib
0x00007fff203a9000 	/usr/lib/system/libsystem_info.dylib
0x00007fff2a481000 	/usr/lib/system/libsystem_m.dylib
0x00007fff20183000 	/usr/lib/system/libsystem_malloc.dylib
0x00007fff24b5b000 	/usr/lib/system/libsystem_networkextension.dylib
0x00007fff22bc3000 	/usr/lib/system/libsystem_notify.dylib
0x00007fff2fdd1000 	/usr/lib/system/libsystem_product_info_filter.dylib
0x00007fff28fcc000 	/usr/lib/system/libsystem_sandbox.dylib
0x00007fff2a521000 	/usr/lib/system/libsystem_secinit.dylib
0x00007fff20327000 	/usr/lib/system/libsystem_kernel.dylib
0x00007fff2039f000 	/usr/lib/system/libsystem_platform.dylib
0x00007fff20357000 	/usr/lib/system/libsystem_pthread.dylib
0x00007fff262a5000 	/usr/lib/system/libsystem_symptoms.dylib
0x00007fff200cd000 	/usr/lib/system/libsystem_trace.dylib
0x00007fff2a4f8000 	/usr/lib/system/libunwind.dylib
0x00007fff20097000 	/usr/lib/system/libxpc.dylib
0x00007fff20311000 	/usr/lib/libc++abi.dylib
0x00007fff2a503000 	/usr/lib/liboah.dylib
0x00007fff2abc1000 	/usr/lib/liblzma.5.dylib
0x00007fff20e98000 	/System/Library/Frameworks/SystemConfiguration.framework/Versions/A/SystemConfiguration
0x00007fff2a538000 	/usr/lib/libfakelink.dylib
0x00007fff246bc000 	/System/Library/Frameworks/CFNetwork.framework/Versions/A/CFNetwork
0x00007fff2a678000 	/usr/lib/libarchive.2.dylib
0x00007fff20f16000 	/usr/lib/libCRFSuite.dylib
0x00007fff29ce9000 	/usr/lib/libbsm.0.dylib
0x00007fff24035000 	/usr/lib/libnetwork.dylib
0x00007fff2a53d000 	/usr/lib/libpcap.A.dylib
0x00007fff2629e000 	/usr/lib/libdns_services.dylib
0x00007fff2abda000 	/usr/lib/libcoretls_cfhelpers.dylib
0x00007fff2a777000 	/usr/lib/libapple_nghttp2.dylib
0x00007fff2a4d0000 	/usr/lib/system/libkxld.dylib
0x00007fff25f17000 	/usr/lib/libsqlite3.dylib
0x00007fff2a250000 	/System/Library/PrivateFrameworks/AppleFSCompression.framework/Versions/A/AppleFSCompression
0x00007fff29cd1000 	/usr/lib/libcoretls.dylib
0x00007fff2a7a8000 	/usr/lib/libpam.2.dylib
0x00007fff2acd8000 	/usr/lib/libxar.1.dylib
0x00007fff28fd3000 	/System/Library/PrivateFrameworks/AppleSystemInfo.framework/Versions/A/AppleSystemInfo
0x00007fff29913000 	/System/Library/PrivateFrameworks/IOMobileFramebuffer.framework/Versions/A/IOMobileFramebuffer
0x00007fff2a260000 	/usr/lib/libbz2.1.0.dylib
0x00007fff2a575000 	/usr/lib/libiconv.2.dylib
0x00007fff2a4c9000 	/usr/lib/libcharset.1.dylib
0x00007fff2714c000 	/System/Library/Frameworks/CoreServices.framework/Versions/A/Frameworks/FSEvents.framework/Versions/A/FSEvents
0x00007fff227ae000 	/System/Library/Frameworks/CoreServices.framework/Versions/A/Frameworks/CarbonCore.framework/Versions/A/CarbonCore
0x00007fff264b9000 	/System/Library/Frameworks/CoreServices.framework/Versions/A/Frameworks/Metadata.framework/Versions/A/Metadata
0x00007fff2a272000 	/System/Library/Frameworks/CoreServices.framework/Versions/A/Frameworks/OSServices.framework/Versions/A/OSServices
0x00007fff2a6ea000 	/System/Library/Frameworks/CoreServices.framework/Versions/A/Frameworks/SearchKit.framework/Versions/A/SearchKit
0x00007fff26229000 	/System/Library/Frameworks/CoreServices.framework/Versions/A/Frameworks/AE.framework/Versions/A/AE
0x00007fff20873000 	/System/Library/Frameworks/CoreServices.framework/Versions/A/Frameworks/LaunchServices.framework/Versions/A/LaunchServices
0x00007fff2ab71000 	/System/Library/Frameworks/CoreServices.framework/Versions/A/Frameworks/DictionaryServices.framework/Versions/A/DictionaryServices
0x00007fff27159000 	/System/Library/Frameworks/CoreServices.framework/Versions/A/Frameworks/SharedFileList.framework/Versions/A/SharedFileList
0x00007fff29cc5000 	/usr/lib/libCheckFix.dylib
0x00007fff24bdf000 	/System/Library/PrivateFrameworks/TCC.framework/Versions/A/TCC
0x00007fff28fd9000 	/System/Library/PrivateFrameworks/CoreNLP.framework/Versions/A/CoreNLP
0x00007fff2646c000 	/System/Library/PrivateFrameworks/MetadataUtilities.framework/Versions/A/MetadataUtilities
0x00007fff20f4b000 	/usr/lib/libmecabra.dylib
0x00007fff29fcf000 	/System/Library/Frameworks/MLCompute.framework/Versions/A/MLCompute
0x00007fff29cfa000 	/usr/lib/libmecab.dylib
0x00007fff29d44000 	/usr/lib/libgermantok.dylib
0x00007fff2a752000 	/usr/lib/libThaiTokenizer.dylib
0x00007fff2ad13000 	/usr/lib/libChineseTokenizer.dylib
0x00007fff2a7a6000 	/System/Library/Frameworks/MetalPerformanceShaders.framework/Versions/A/MetalPerformanceShaders
0x00007fff2655b000 	/System/Library/Frameworks/Accelerate.framework/Versions/A/Frameworks/vImage.framework/Versions/A/vImage
0x00007fff2fea9000 	/System/Library/Frameworks/Accelerate.framework/Versions/A/Frameworks/vecLib.framework/Versions/A/vecLib
0x00007fff2ad1e000 	/System/Library/Frameworks/Accelerate.framework/Versions/A/Frameworks/vecLib.framework/Versions/A/libvMisc.dylib
0x00007fff2972e000 	/System/Library/Frameworks/Accelerate.framework/Versions/A/Frameworks/vecLib.framework/Versions/A/libvDSP.dylib
0x00007fff20b7e000 	/System/Library/Frameworks/Accelerate.framework/Versions/A/Frameworks/vecLib.framework/Versions/A/libBLAS.dylib
0x00007fff2a7d3000 	/System/Library/Frameworks/Accelerate.framework/Versions/A/Frameworks/vecLib.framework/Versions/A/libLAPACK.dylib
0x00007fff29d4a000 	/System/Library/Frameworks/Accelerate.framework/Versions/A/Frameworks/vecLib.framework/Versions/A/libLinearAlgebra.dylib
0x00007fff2a78f000 	/System/Library/Frameworks/Accelerate.framework/Versions/A/Frameworks/vecLib.framework/Versions/A/libSparseBLAS.dylib
0x00007fff2a7cd000 	/System/Library/Frameworks/Accelerate.framework/Versions/A/Frameworks/vecLib.framework/Versions/A/libQuadrature.dylib
0x00007fff29085000 	/System/Library/Frameworks/Accelerate.framework/Versions/A/Frameworks/vecLib.framework/Versions/A/libBNNS.dylib
0x00007fff20e29000 	/System/Library/Frameworks/Accelerate.framework/Versions/A/Frameworks/vecLib.framework/Versions/A/libSparse.dylib
0x00007fff28f61000 	/System/Library/Frameworks/MetalPerformanceShaders.framework/Versions/A/Frameworks/MPSCore.framework/Versions/A/MPSCore
0x00007fff2a1bf000 	/System/Library/Frameworks/MetalPerformanceShaders.framework/Versions/A/Frameworks/MPSImage.framework/Versions/A/MPSImage
0x00007fff29d60000 	/System/Library/Frameworks/MetalPerformanceShaders.framework/Versions/A/Frameworks/MPSNeuralNetwork.framework/Versions/A/MPSNeuralNetwork
0x00007fff2a131000 	/System/Library/Frameworks/MetalPerformanceShaders.framework/Versions/A/Frameworks/MPSMatrix.framework/Versions/A/MPSMatrix
0x00007fff29f7f000 	/System/Library/Frameworks/MetalPerformanceShaders.framework/Versions/A/Frameworks/MPSRayIntersector.framework/Versions/A/MPSRayIntersector
0x00007fff2a168000 	/System/Library/Frameworks/MetalPerformanceShaders.framework/Versions/A/Frameworks/MPSNDArray.framework/Versions/A/MPSNDArray
0x00007fff20aa9000 	/System/Library/PrivateFrameworks/MetalTools.framework/Versions/A/MetalTools
0x00007fff28fd1000 	/System/Library/PrivateFrameworks/AggregateDictionary.framework/Versions/A/AggregateDictionary
0x00007fff26439000 	/System/Library/PrivateFrameworks/CoreAnalytics.framework/Versions/A/CoreAnalytics
0x00007fff2a754000 	/System/Library/PrivateFrameworks/AppleSauce.framework/Versions/A/AppleSauce
0x00007fff282d7000 	/System/Library/PrivateFrameworks/IOAccelerator.framework/Versions/A/IOAccelerator
0x00007fff6ba30000 	/System/Library/Frameworks/OpenGL.framework/Versions/A/Libraries/libCoreFSCache.dylib
0x00007fff214e3000 	/System/Library/PrivateFrameworks/LanguageModeling.framework/Versions/A/LanguageModeling
0x00007fff29901000 	/System/Library/PrivateFrameworks/CoreEmoji.framework/Versions/A/CoreEmoji
0x00007fff2907e000 	/System/Library/PrivateFrameworks/LinguisticData.framework/Versions/A/LinguisticData
0x00007fff20ddb000 	/System/Library/PrivateFrameworks/Lexicon.framework/Versions/A/Lexicon
0x00007fff2a666000 	/usr/lib/libcmph.dylib
0x00007fff2712c000 	/System/Library/Frameworks/OpenDirectory.framework/Versions/A/Frameworks/CFOpenDirectory.framework/Versions/A/CFOpenDirectory
0x00007fff2711c000 	/System/Library/Frameworks/OpenDirectory.framework/Versions/A/OpenDirectory
0x00007fff2abdc000 	/System/Library/PrivateFrameworks/APFS.framework/Versions/A/APFS
0x00007fff29c27000 	/System/Library/Frameworks/SecurityFoundation.framework/Versions/A/SecurityFoundation
0x00007fff2ace6000 	/usr/lib/libutil.dylib
0x00007fff22ad9000 	/System/Library/PrivateFrameworks/CoreServicesStore.framework/Versions/A/CoreServicesStore
0x00007fff29cbd000 	/System/Library/Frameworks/ServiceManagement.framework/Versions/A/ServiceManagement
0x00007fff2acea000 	/usr/lib/libxslt.1.dylib
0x00007fff29cb3000 	/System/Library/PrivateFrameworks/BackgroundTaskManagement.framework/Versions/A/BackgroundTaskManagement
0x00007fff2bc9e000 	/System/Library/Frameworks/ImageIO.framework/Versions/A/Resources/libRadiance.dylib
0x00007fff2bca8000 	/System/Library/Frameworks/ImageIO.framework/Versions/A/Resources/libJPEG.dylib
0x00007fff2bbf8000 	/System/Library/Frameworks/ImageIO.framework/Versions/A/Resources/libPng.dylib
0x00007fff2bc19000 	/System/Library/Frameworks/ImageIO.framework/Versions/A/Resources/libTIFF.dylib
0x00007fff2bcfd000 	/System/Library/Frameworks/ImageIO.framework/Versions/A/Resources/libGIF.dylib
0x00007fff2b94a000 	/System/Library/Frameworks/ImageIO.framework/Versions/A/Resources/libJP2.dylib
0x00007fff2b065000 	/usr/lib/libexpat.1.dylib
0x00007fff2b900000 	/System/Library/PrivateFrameworks/AppleJPEG.framework/Versions/A/AppleJPEG
0x00007fff2850d000 	/System/Library/PrivateFrameworks/FontServices.framework/libFontParser.dylib
0x00007fff261e0000 	/System/Library/PrivateFrameworks/RunningBoardServices.framework/Versions/A/RunningBoardServices
0x00007fff2ba2a000 	/System/Library/PrivateFrameworks/WatchdogClient.framework/Versions/A/WatchdogClient
0x00007fff215cc000 	/System/Library/Frameworks/CoreDisplay.framework/Versions/A/CoreDisplay
0x00007fff28422000 	/System/Library/Frameworks/CoreMedia.framework/Versions/A/CoreMedia
0x00007fff272ac000 	/System/Library/Frameworks/CoreVideo.framework/Versions/A/CoreVideo
0x00007fff2ba65000 	/System/Library/Frameworks/VideoToolbox.framework/Versions/A/VideoToolbox
0x00007fff26160000 	/System/Library/PrivateFrameworks/BaseBoard.framework/Versions/A/BaseBoard
0x00007fff2b1aa000 	/System/Library/PrivateFrameworks/PersistentConnection.framework/Versions/A/PersistentConnection
0x00007fff25f01000 	/System/Library/PrivateFrameworks/ProtocolBuffer.framework/Versions/A/ProtocolBuffer
0x00007fff26148000 	/System/Library/PrivateFrameworks/CommonUtilities.framework/Versions/A/CommonUtilities
0x00007fff2b8c3000 	/System/Library/PrivateFrameworks/Bom.framework/Versions/A/Bom
0x00007fff2bc96000 	/System/Library/PrivateFrameworks/GPUWrangler.framework/Versions/A/GPUWrangler
0x00007fff2bc79000 	/System/Library/PrivateFrameworks/IOPresentment.framework/Versions/A/IOPresentment
0x00007fff2bca2000 	/System/Library/PrivateFrameworks/DSExternalDisplay.framework/Versions/A/DSExternalDisplay
0x00007fff2bd02000 	/System/Library/PrivateFrameworks/CMCaptureCore.framework/Versions/A/CMCaptureCore
0x00007fff2b646000 	/System/Library/PrivateFrameworks/AppServerSupport.framework/Versions/A/AppServerSupport
0x00007fff2d6dd000 	/System/Library/PrivateFrameworks/perfdata.framework/Versions/A/perfdata
0x00007fff29c16000 	/System/Library/PrivateFrameworks/AssertionServices.framework/Versions/A/AssertionServices
0x00007fff21703000 	/System/Library/PrivateFrameworks/AudioToolboxCore.framework/Versions/A/AudioToolboxCore
0x00007fff28405000 	/System/Library/PrivateFrameworks/caulk.framework/Versions/A/caulk
0x00007fff3cb89000 	/System/Library/PrivateFrameworks/SystemPolicy.framework/Versions/A/SystemPolicy
0x00007fff2ae74000 	/usr/lib/libIOReport.dylib
0x00007fff2cf19000 	/usr/lib/libSMC.dylib
0x00007fff2bbc4000 	/usr/lib/libAudioToolboxUtility.dylib
0x00007fff3d4e6000 	/usr/lib/libmis.dylib
0x00007fff6ba8c000 	/System/Library/Frameworks/OpenGL.framework/Versions/A/Libraries/libGLU.dylib
0x00007fff6ba4f000 	/System/Library/Frameworks/OpenGL.framework/Versions/A/Libraries/libGFXShared.dylib
0x00007fff6bc5d000 	/System/Library/Frameworks/OpenGL.framework/Versions/A/Libraries/libGL.dylib
0x00007fff6ba58000 	/System/Library/Frameworks/OpenGL.framework/Versions/A/Libraries/libGLImage.dylib
0x00007fff6ba4c000 	/System/Library/Frameworks/OpenGL.framework/Versions/A/Libraries/libCVMSPluginSupport.dylib
0x00007fff6ba37000 	/System/Library/Frameworks/OpenGL.framework/Versions/A/Libraries/libCoreVMClient.dylib
0x00007fff6d0a7000 	/System/Library/Frameworks/OpenCL.framework/Versions/A/OpenCL
0x00007fff2b1d3000 	/System/Library/PrivateFrameworks/GraphVisualizer.framework/Versions/A/GraphVisualizer
0x00007fff2b1e2000 	/System/Library/PrivateFrameworks/FaceCore.framework/Versions/A/FaceCore
0x00007fff2b5fe000 	/System/Library/PrivateFrameworks/OTSVG.framework/Versions/A/OTSVG
0x00007fff26ea1000 	/System/Library/Frameworks/ApplicationServices.framework/Versions/A/Frameworks/ATS.framework/Versions/A/Resources/libFontRegistry.dylib
0x00007fff2b64d000 	/System/Library/PrivateFrameworks/FontServices.framework/libhvf.dylib
0x00007fff2b011000 	/System/Library/PrivateFrameworks/AppleVA.framework/Versions/A/AppleVA
0x00007fff2cd61000 	/System/Library/Frameworks/ApplicationServices.framework/Versions/A/Frameworks/ATS.framework/Versions/A/ATS
0x00007fff2d074000 	/System/Library/Frameworks/ApplicationServices.framework/Versions/A/Frameworks/ColorSyncLegacy.framework/Versions/A/ColorSyncLegacy
0x00007fff256df000 	/System/Library/Frameworks/ApplicationServices.framework/Versions/A/Frameworks/HIServices.framework/Versions/A/HIServices
0x00007fff2d059000 	/System/Library/Frameworks/ApplicationServices.framework/Versions/A/Frameworks/LangAnalysis.framework/Versions/A/LangAnalysis
0x00007fff2bd0c000 	/System/Library/Frameworks/ApplicationServices.framework/Versions/A/Frameworks/PrintCore.framework/Versions/A/PrintCore
0x00007fff2d07c000 	/System/Library/Frameworks/ApplicationServices.framework/Versions/A/Frameworks/QD.framework/Versions/A/QD
0x00007fff2cd51000 	/System/Library/Frameworks/ApplicationServices.framework/Versions/A/Frameworks/SpeechSynthesis.framework/Versions/A/SpeechSynthesis
0x00007fff2bccd000 	/System/Library/Frameworks/ApplicationServices.framework/Versions/A/Frameworks/ATSUI.framework/Versions/A/ATSUI
0x00007fff2cff9000 	/usr/lib/libcups.2.dylib
0x00007fff2d069000 	/System/Library/PrivateFrameworks/NetAuth.framework/Versions/A/NetAuth
0x00007fff2d6f8000 	/System/Library/Frameworks/Kerberos.framework/Versions/A/Kerberos
0x00007fff2d708000 	/System/Library/Frameworks/GSS.framework/Versions/A/GSS
0x00007fff2cdce000 	/usr/lib/libresolv.9.dylib
0x00007fff2b663000 	/System/Library/PrivateFrameworks/Heimdal.framework/Versions/A/Heimdal
0x00007fff333bf000 	/System/Library/Frameworks/Kerberos.framework/Versions/A/Libraries/libHeimdalProxy.dylib
0x00007fff262ad000 	/System/Library/Frameworks/Network.framework/Versions/A/Network
0x00007fff2b07f000 	/usr/lib/libheimdal-asn1.dylib
0x00007fff2d759000 	/System/Library/PrivateFrameworks/CommonAuth.framework/Versions/A/CommonAuth
0x00007fff272fa000 	/System/Library/PrivateFrameworks/login.framework/Versions/A/Frameworks/loginsupport.framework/Versions/A/loginsupport
0x00007fff2ccd8000 	/System/Library/PrivateFrameworks/AudioSession.framework/Versions/A/AudioSession
0x00007fff2cd3e000 	/usr/lib/libAudioStatistics.dylib
0x00007fff2b10b000 	/System/Library/PrivateFrameworks/MediaExperience.framework/Versions/A/MediaExperience
0x00007fff2cb71000 	/System/Library/PrivateFrameworks/AudioSession.framework/libSessionUtility.dylib
0x00007fff2d6e9000 	/usr/lib/libperfcheck.dylib
0x00007fff2d088000 	/System/Library/PrivateFrameworks/AudioResourceArbitration.framework/Versions/A/AudioResourceArbitration
0x00007fff2b089000 	/System/Library/PrivateFrameworks/IconFoundation.framework/Versions/A/IconFoundation
0x00007fff2fb8c000 	/System/Library/PrivateFrameworks/SpeechRecognitionCore.framework/Versions/A/SpeechRecognitionCore
0x0000000108000000 	/Applications/IntelliJ IDEA.app/Contents/jbr/Contents/Home/lib/server/libjvm.dylib
0x0000000103f5d000 	/Applications/IntelliJ IDEA.app/Contents/jbr/Contents/Home/lib/libverify.dylib
0x0000000103f6e000 	/Applications/IntelliJ IDEA.app/Contents/jbr/Contents/Home/lib/libjava.dylib
0x0000000103f9b000 	/Applications/IntelliJ IDEA.app/Contents/jbr/Contents/Home/lib/libjimage.dylib
0x0000000103ff1000 	/Applications/IntelliJ IDEA.app/Contents/jbr/Contents/Home/lib/libzip.dylib
0x000000010c3d0000 	/Applications/IntelliJ IDEA.app/Contents/jbr/Contents/Home/lib/libnio.dylib
0x000000010c3e3000 	/Applications/IntelliJ IDEA.app/Contents/jbr/Contents/Home/lib/libnet.dylib
0x000000010c3fc000 	/Users/lorenzofalchi/.gradle/native/fdc75f09e3144964f2cf3f50f0aa648679c211496f362492102eb8c894070792/osx-amd64/libnative-platform.dylib
0x000000010c403000 	/Users/lorenzofalchi/.gradle/native/12488b8bf47d2d4c9fbf2f6322a914ad602e24e48041cd04a747c6da556b65c4/osx-amd64/libnative-platform-file-events.dylib
0x000000010c870000 	/Applications/IntelliJ IDEA.app/Contents/jbr/Contents/Home/lib/libmanagement.dylib
0x000000010c87a000 	/Applications/IntelliJ IDEA.app/Contents/jbr/Contents/Home/lib/libmanagement_ext.dylib
0x000000010c885000 	/Applications/IntelliJ IDEA.app/Contents/jbr/Contents/Home/lib/libextnet.dylib


VM Arguments:
jvm_args: --add-opens=java.base/java.util=ALL-UNNAMED --add-opens=java.base/java.lang=ALL-UNNAMED --add-opens=java.base/java.lang.invoke=ALL-UNNAMED --add-opens=java.prefs/java.util.prefs=ALL-UNNAMED -Xmx2048m -Dfile.encoding=UTF-8 -Duser.country=IT -Duser.language=it -Duser.variant 
java_command: org.gradle.launcher.daemon.bootstrap.GradleDaemon 6.7.1
java_class_path (initial): /Users/lorenzofalchi/.gradle/wrapper/dists/gradle-6.7.1-bin/bwlcbys1h7rz3272sye1xwiv6/gradle-6.7.1/lib/gradle-launcher-6.7.1.jar
Launcher Type: SUN_STANDARD

[Global flags]
     intx CICompilerCount                          = 4                                         {product} {ergonomic}
     uint ConcGCThreads                            = 2                                         {product} {ergonomic}
     uint G1ConcRefinementThreads                  = 8                                         {product} {ergonomic}
   size_t G1HeapRegionSize                         = 1048576                                   {product} {ergonomic}
    uintx GCDrainStackTargetSize                   = 64                                        {product} {ergonomic}
   size_t InitialHeapSize                          = 134217728                                 {product} {ergonomic}
   size_t MarkStackSize                            = 4194304                                   {product} {ergonomic}
   size_t MaxHeapSize                              = 2147483648                                {product} {command line}
   size_t MaxNewSize                               = 1287651328                                {product} {ergonomic}
   size_t MinHeapDeltaBytes                        = 1048576                                   {product} {ergonomic}
    uintx NonNMethodCodeHeapSize                   = 5836300                                {pd product} {ergonomic}
    uintx NonProfiledCodeHeapSize                  = 122910970                              {pd product} {ergonomic}
    uintx ProfiledCodeHeapSize                     = 122910970                              {pd product} {ergonomic}
    uintx ReservedCodeCacheSize                    = 251658240                              {pd product} {ergonomic}
     bool SegmentedCodeCache                       = true                                      {product} {ergonomic}
     bool UseCompressedClassPointers               = true                                 {lp64_product} {ergonomic}
     bool UseCompressedOops                        = true                                 {lp64_product} {ergonomic}
     bool UseG1GC                                  = true                                      {product} {ergonomic}

Logging:
Log output configuration:
 #0: stdout all=warning uptime,level,tags
 #1: stderr all=off uptime,level,tags

Environment Variables:
PATH=/usr/local/bin:/usr/bin:/bin:/usr/sbin:/sbin:/Library/Apple/usr/bin
SHELL=/bin/zsh
LC_CTYPE=it_IT.UTF-8

Signal Handlers:
SIGSEGV: [libjvm.dylib+0x7651aa], sa_mask[0]=11111111011111110111111111111111, sa_flags=SA_ONSTACK|SA_RESTART|SA_SIGINFO
SIGBUS: [libjvm.dylib+0x7651aa], sa_mask[0]=11111111011111110111111111111111, sa_flags=SA_RESTART|SA_SIGINFO
SIGFPE: [libjvm.dylib+0x7651aa], sa_mask[0]=11111111011111110111111111111111, sa_flags=SA_RESTART|SA_SIGINFO
SIGPIPE: [libjvm.dylib+0x61fe1e], sa_mask[0]=11111111011111110111111111111111, sa_flags=SA_RESTART|SA_SIGINFO
SIGXFSZ: [libjvm.dylib+0x61fe1e], sa_mask[0]=11111111011111110111111111111111, sa_flags=SA_RESTART|SA_SIGINFO
SIGILL: [libjvm.dylib+0x7651aa], sa_mask[0]=11111111011111110111111111111111, sa_flags=SA_RESTART|SA_SIGINFO
SIGUSR2: [libjvm.dylib+0x620403], sa_mask[0]=00100000000000000000000000000000, sa_flags=SA_RESTART|SA_SIGINFO
SIGHUP: [libjvm.dylib+0x61ef15], sa_mask[0]=11111111011111110111111111111111, sa_flags=SA_RESTART|SA_SIGINFO
SIGINT: [libjvm.dylib+0x61ef15], sa_mask[0]=11111111011111110111111111111111, sa_flags=SA_RESTART|SA_SIGINFO
SIGTERM: [libjvm.dylib+0x61ef15], sa_mask[0]=11111111011111110111111111111111, sa_flags=SA_RESTART|SA_SIGINFO
SIGQUIT: [libjvm.dylib+0x61ef15], sa_mask[0]=11111111011111110111111111111111, sa_flags=SA_RESTART|SA_SIGINFO


---------------  S Y S T E M  ---------------

OS:uname:Darwin 20.6.0 Darwin Kernel Version 20.6.0: Mon Aug 30 06:12:21 PDT 2021; root:xnu-7195.141.6~3/RELEASE_X86_64 x86_64
OS uptime: 0 days 2:54 hours
rlimit (soft/hard): STACK 8192k/65532k , CORE 0k/infinity , NPROC 1392/2088 , NOFILE 10240/infinity , AS infinity/infinity , CPU infinity/infinity , DATA infinity/infinity , FSIZE infinity/infinity , MEMLOCK infinity/infinity , RSS infinity/infinity
load average:2.09 3.68 3.26

CPU:total 8 (initial active 8) (4 cores per cpu, 2 threads per core) family 6 model 142 stepping 10 microcode 0xea, cmov, cx8, fxsr, mmx, sse, sse2, sse3, ssse3, sse4.1, sse4.2, popcnt, avx, avx2, aes, clmul, erms, 3dnowpref, lzcnt, ht, tsc, tscinvbit, bmi1, bmi2, adx, fma

Memory: 4k page, physical 8388608k(998280k free), swap 2097152k(1222144k free)

vm_info: OpenJDK 64-Bit Server VM (11.0.12+7-b1504.28) for bsd-amd64 JRE (11.0.12+7-b1504.28), built on Sep  3 2021 00:07:34 by "builduser" with gcc 4.2.1 Compatible Apple LLVM 9.1.0 (clang-902.0.39.2)

END.
